<?xml version="1.0" encoding="UTF-8"?>
<!-- Generated by org.testng.reporters.JUnitXMLReporter -->
<testsuite hostname="CBT-076" name="Test" tests="74" failures="0" timestamp="4 Dec 2015 12:03:33 GMT" time="32.55" errors="0">
  <testcase name="@BeforeMethod setUp" time="0.0" classname="com.quickride.scripts.FeedbackTest">
    <failure type="org.openqa.selenium.remote.UnreachableBrowserException" message="Could not start a new session. Possible causes are invalid address of the remote server or browser start-up failure.
Build info: version: &amp;apos;2.47.1&amp;apos;, revision: &amp;apos;unknown&amp;apos;, time: &amp;apos;2015-07-30 11:02:44&amp;apos;
System info: host: &amp;apos;CBT-076&amp;apos;, ip: &amp;apos;10.10.5.26&amp;apos;, os.name: &amp;apos;Windows 8.1&amp;apos;, os.arch: &amp;apos;amd64&amp;apos;, os.version: &amp;apos;6.3&amp;apos;, java.version: &amp;apos;1.8.0_60&amp;apos;
Driver info: driver.version: AndroidDriver">
      <![CDATA[org.openqa.selenium.remote.UnreachableBrowserException: Could not start a new session. Possible causes are invalid address of the remote server or browser start-up failure.
Build info: version: '2.47.1', revision: 'unknown', time: '2015-07-30 11:02:44'
System info: host: 'CBT-076', ip: '10.10.5.26', os.name: 'Windows 8.1', os.arch: 'amd64', os.version: '6.3', java.version: '1.8.0_60'
Driver info: driver.version: AndroidDriver
	at org.openqa.selenium.remote.RemoteWebDriver.execute(RemoteWebDriver.java:589)
	at io.appium.java_client.DefaultGenericMobileDriver.execute(DefaultGenericMobileDriver.java:42)
	at io.appium.java_client.AppiumDriver.execute(AppiumDriver.java:1)
	at io.appium.java_client.android.AndroidDriver.execute(AndroidDriver.java:1)
	at org.openqa.selenium.remote.RemoteWebDriver.startSession(RemoteWebDriver.java:242)
	at org.openqa.selenium.remote.RemoteWebDriver.<init>(RemoteWebDriver.java:128)
	at org.openqa.selenium.remote.RemoteWebDriver.<init>(RemoteWebDriver.java:141)
	at io.appium.java_client.DefaultGenericMobileDriver.<init>(DefaultGenericMobileDriver.java:37)
	at io.appium.java_client.AppiumDriver.<init>(AppiumDriver.java:160)
	at io.appium.java_client.AppiumDriver.<init>(AppiumDriver.java:168)
	at io.appium.java_client.android.AndroidDriver.<init>(AndroidDriver.java:69)
	at com.quickride.baselib.QRBaseLib.setUp(QRBaseLib.java:62)
Caused by: org.openqa.selenium.WebDriverException: java.net.SocketException: Connection reset
Build info: version: '2.47.1', revision: 'unknown', time: '2015-07-30 11:02:44'
System info: host: 'CBT-076', ip: '10.10.5.26', os.name: 'Windows 8.1', os.arch: 'amd64', os.version: '6.3', java.version: '1.8.0_60'
Driver info: driver.version: AndroidDriver
	at io.appium.java_client.remote.AppiumCommandExecutor.execute(AppiumCommandExecutor.java:64)
	at org.openqa.selenium.remote.RemoteWebDriver.execute(RemoteWebDriver.java:568)
	... 37 more
Caused by: java.net.SocketException: Connection reset
	at java.net.SocketInputStream.read(SocketInputStream.java:209)
	at java.net.SocketInputStream.read(SocketInputStream.java:141)
	at org.apache.http.impl.io.SessionInputBufferImpl.streamRead(SessionInputBufferImpl.java:136)
	at org.apache.http.impl.io.SessionInputBufferImpl.fillBuffer(SessionInputBufferImpl.java:152)
	at org.apache.http.impl.io.SessionInputBufferImpl.readLine(SessionInputBufferImpl.java:270)
	at org.apache.http.impl.conn.DefaultHttpResponseParser.parseHead(DefaultHttpResponseParser.java:140)
	at org.apache.http.impl.conn.DefaultHttpResponseParser.parseHead(DefaultHttpResponseParser.java:57)
	at org.apache.http.impl.io.AbstractMessageParser.parse(AbstractMessageParser.java:260)
	at org.apache.http.impl.DefaultBHttpClientConnection.receiveResponseHeader(DefaultBHttpClientConnection.java:161)
	at org.apache.http.impl.conn.CPoolProxy.invoke(CPoolProxy.java:138)
	at com.sun.proxy.$Proxy6.receiveResponseHeader(Unknown Source)
	at org.apache.http.protocol.HttpRequestExecutor.doReceiveResponse(HttpRequestExecutor.java:271)
	at org.apache.http.protocol.HttpRequestExecutor.execute(HttpRequestExecutor.java:123)
	at org.apache.http.impl.execchain.MainClientExec.execute(MainClientExec.java:254)
	at org.apache.http.impl.execchain.ProtocolExec.execute(ProtocolExec.java:195)
	at org.apache.http.impl.execchain.RetryExec.execute(RetryExec.java:86)
	at org.apache.http.impl.execchain.RedirectExec.execute(RedirectExec.java:108)
	at org.apache.http.impl.client.InternalHttpClient.doExecute(InternalHttpClient.java:186)
	at org.apache.http.impl.client.CloseableHttpClient.execute(CloseableHttpClient.java:72)
	at org.apache.http.impl.client.CloseableHttpClient.execute(CloseableHttpClient.java:57)
	at org.openqa.selenium.remote.internal.ApacheHttpClient.fallBackExecute(ApacheHttpClient.java:143)
	at org.openqa.selenium.remote.internal.ApacheHttpClient.execute(ApacheHttpClient.java:89)
	at org.openqa.selenium.remote.HttpCommandExecutor.execute(HttpCommandExecutor.java:134)
	at io.appium.java_client.remote.AppiumCommandExecutor.execute(AppiumCommandExecutor.java:52)
	... 38 more
... Removed 30 stack frames]]>
    </failure>
  </testcase> <!-- @BeforeMethod setUp -->
  <testcase name="@AfterMethod tearDown" time="0.0" classname="com.quickride.scripts.FeedbackTest">
    <skipped/>
  </testcase> <!-- @AfterMethod tearDown -->
  <testcase name="@BeforeMethod setUp" time="0.0" classname="com.quickride.scripts.GroupChatTest">
    <skipped/>
  </testcase> <!-- @BeforeMethod setUp -->
  <testcase name="@AfterMethod tearDown" time="0.0" classname="com.quickride.scripts.GroupChatTest">
    <skipped/>
  </testcase> <!-- @AfterMethod tearDown -->
  <testcase name="@BeforeMethod setUp" time="0.0" classname="com.quickride.scripts.NewUserRegTest">
    <skipped/>
  </testcase> <!-- @BeforeMethod setUp -->
  <testcase name="@AfterMethod tearDown" time="0.0" classname="com.quickride.scripts.NewUserRegTest">
    <skipped/>
  </testcase> <!-- @AfterMethod tearDown -->
  <testcase name="@BeforeMethod setUp" time="0.0" classname="com.quickride.scripts.NotificationsTest">
    <skipped/>
  </testcase> <!-- @BeforeMethod setUp -->
  <testcase name="@AfterMethod tearDown" time="0.0" classname="com.quickride.scripts.NotificationsTest">
    <skipped/>
  </testcase> <!-- @AfterMethod tearDown -->
  <testcase name="@BeforeMethod setUp" time="0.0" classname="com.quickride.scripts.RechargeEncashTest">
    <skipped/>
  </testcase> <!-- @BeforeMethod setUp -->
  <testcase name="@AfterMethod tearDown" time="0.0" classname="com.quickride.scripts.RechargeEncashTest">
    <skipped/>
  </testcase> <!-- @AfterMethod tearDown -->
  <testcase name="@BeforeMethod setUp" time="0.0" classname="com.quickride.scripts.RideMatchConstraintsTest">
    <skipped/>
  </testcase> <!-- @BeforeMethod setUp -->
  <testcase name="@AfterMethod tearDown" time="0.0" classname="com.quickride.scripts.RideMatchConstraintsTest">
    <skipped/>
  </testcase> <!-- @AfterMethod tearDown -->
  <testcase name="@BeforeMethod setUp" time="0.0" classname="com.quickride.scripts.RideScheduleTest">
    <skipped/>
  </testcase> <!-- @BeforeMethod setUp -->
  <testcase name="@AfterMethod tearDown" time="0.0" classname="com.quickride.scripts.RideScheduleTest">
    <skipped/>
  </testcase> <!-- @AfterMethod tearDown -->
  <testcase name="@BeforeMethod setUp" time="0.0" classname="com.quickride.scripts.RidesTest">
    <skipped/>
  </testcase> <!-- @BeforeMethod setUp -->
  <testcase name="@AfterMethod tearDown" time="0.0" classname="com.quickride.scripts.RidesTest">
    <skipped/>
  </testcase> <!-- @AfterMethod tearDown -->
  <testcase name="@BeforeMethod setUp" time="0.0" classname="com.quickride.scripts.RideViewTest">
    <skipped/>
  </testcase> <!-- @BeforeMethod setUp -->
  <testcase name="@AfterMethod tearDown" time="0.0" classname="com.quickride.scripts.RideViewTest">
    <skipped/>
  </testcase> <!-- @AfterMethod tearDown -->
  <testcase name="@BeforeMethod setUp" time="0.0" classname="com.quickride.scripts.SocialGuestTest">
    <skipped/>
  </testcase> <!-- @BeforeMethod setUp -->
  <testcase name="@AfterMethod tearDown" time="0.0" classname="com.quickride.scripts.SocialGuestTest">
    <skipped/>
  </testcase> <!-- @AfterMethod tearDown -->
  <testcase name="@BeforeMethod setUp" time="0.0" classname="com.quickride.scripts.UserConfigTest">
    <skipped/>
  </testcase> <!-- @BeforeMethod setUp -->
  <testcase name="@AfterMethod tearDown" time="0.0" classname="com.quickride.scripts.UserConfigTest">
    <skipped/>
  </testcase> <!-- @AfterMethod tearDown -->
  <testcase name="@BeforeMethod setUp" time="0.0" classname="com.quickride.scripts.VehicleCustomisationTest">
    <skipped/>
  </testcase> <!-- @BeforeMethod setUp -->
  <testcase name="@AfterMethod tearDown" time="0.0" classname="com.quickride.scripts.VehicleCustomisationTest">
    <skipped/>
  </testcase> <!-- @AfterMethod tearDown -->
  <testcase name="@BeforeMethod setUp" time="0.0" classname="com.quickride.scripts.FeedbackTest">
    <skipped/>
  </testcase> <!-- @BeforeMethod setUp -->
  <testcase name="@AfterMethod tearDown" time="0.0" classname="com.quickride.scripts.FeedbackTest">
    <skipped/>
  </testcase> <!-- @AfterMethod tearDown -->
  <testcase name="@BeforeMethod setUp" time="0.0" classname="com.quickride.scripts.GroupChatTest">
    <skipped/>
  </testcase> <!-- @BeforeMethod setUp -->
  <testcase name="@AfterMethod tearDown" time="0.0" classname="com.quickride.scripts.GroupChatTest">
    <skipped/>
  </testcase> <!-- @AfterMethod tearDown -->
  <testcase name="@BeforeMethod setUp" time="0.0" classname="com.quickride.scripts.NewUserRegTest">
    <skipped/>
  </testcase> <!-- @BeforeMethod setUp -->
  <testcase name="@AfterMethod tearDown" time="0.0" classname="com.quickride.scripts.NewUserRegTest">
    <skipped/>
  </testcase> <!-- @AfterMethod tearDown -->
  <testcase name="@BeforeMethod setUp" time="0.0" classname="com.quickride.scripts.NotificationsTest">
    <skipped/>
  </testcase> <!-- @BeforeMethod setUp -->
  <testcase name="@AfterMethod tearDown" time="0.0" classname="com.quickride.scripts.NotificationsTest">
    <skipped/>
  </testcase> <!-- @AfterMethod tearDown -->
  <testcase name="@BeforeMethod setUp" time="0.0" classname="com.quickride.scripts.RechargeEncashTest">
    <skipped/>
  </testcase> <!-- @BeforeMethod setUp -->
  <testcase name="@AfterMethod tearDown" time="0.0" classname="com.quickride.scripts.RechargeEncashTest">
    <skipped/>
  </testcase> <!-- @AfterMethod tearDown -->
  <testcase name="@BeforeMethod setUp" time="0.0" classname="com.quickride.scripts.RideMatchConstraintsTest">
    <skipped/>
  </testcase> <!-- @BeforeMethod setUp -->
  <testcase name="@AfterMethod tearDown" time="0.0" classname="com.quickride.scripts.RideMatchConstraintsTest">
    <skipped/>
  </testcase> <!-- @AfterMethod tearDown -->
  <testcase name="@BeforeMethod setUp" time="0.0" classname="com.quickride.scripts.RideScheduleTest">
    <skipped/>
  </testcase> <!-- @BeforeMethod setUp -->
  <testcase name="@AfterMethod tearDown" time="0.0" classname="com.quickride.scripts.RideScheduleTest">
    <skipped/>
  </testcase> <!-- @AfterMethod tearDown -->
  <testcase name="@BeforeMethod setUp" time="0.0" classname="com.quickride.scripts.RidesTest">
    <skipped/>
  </testcase> <!-- @BeforeMethod setUp -->
  <testcase name="@AfterMethod tearDown" time="0.0" classname="com.quickride.scripts.RidesTest">
    <skipped/>
  </testcase> <!-- @AfterMethod tearDown -->
  <testcase name="@BeforeMethod setUp" time="0.0" classname="com.quickride.scripts.RideViewTest">
    <skipped/>
  </testcase> <!-- @BeforeMethod setUp -->
  <testcase name="@AfterMethod tearDown" time="0.0" classname="com.quickride.scripts.RideViewTest">
    <skipped/>
  </testcase> <!-- @AfterMethod tearDown -->
  <testcase name="@BeforeMethod setUp" time="0.0" classname="com.quickride.scripts.SocialGuestTest">
    <skipped/>
  </testcase> <!-- @BeforeMethod setUp -->
  <testcase name="@AfterMethod tearDown" time="0.0" classname="com.quickride.scripts.SocialGuestTest">
    <skipped/>
  </testcase> <!-- @AfterMethod tearDown -->
  <testcase name="@BeforeMethod setUp" time="0.0" classname="com.quickride.scripts.UserConfigTest">
    <skipped/>
  </testcase> <!-- @BeforeMethod setUp -->
  <testcase name="@AfterMethod tearDown" time="0.0" classname="com.quickride.scripts.UserConfigTest">
    <skipped/>
  </testcase> <!-- @AfterMethod tearDown -->
  <testcase name="@BeforeMethod setUp" time="0.0" classname="com.quickride.scripts.VehicleCustomisationTest">
    <skipped/>
  </testcase> <!-- @BeforeMethod setUp -->
  <testcase name="@AfterMethod tearDown" time="0.0" classname="com.quickride.scripts.VehicleCustomisationTest">
    <skipped/>
  </testcase> <!-- @AfterMethod tearDown -->
  <testcase name="@BeforeMethod setUp" time="0.0" classname="com.quickride.scripts.NewUserRegTest">
    <skipped/>
  </testcase> <!-- @BeforeMethod setUp -->
  <testcase name="@AfterMethod tearDown" time="0.0" classname="com.quickride.scripts.NewUserRegTest">
    <skipped/>
  </testcase> <!-- @AfterMethod tearDown -->
  <testcase name="@BeforeMethod setUp" time="0.0" classname="com.quickride.scripts.NotificationsTest">
    <skipped/>
  </testcase> <!-- @BeforeMethod setUp -->
  <testcase name="@AfterMethod tearDown" time="0.0" classname="com.quickride.scripts.NotificationsTest">
    <skipped/>
  </testcase> <!-- @AfterMethod tearDown -->
  <testcase name="@BeforeMethod setUp" time="0.0" classname="com.quickride.scripts.RechargeEncashTest">
    <skipped/>
  </testcase> <!-- @BeforeMethod setUp -->
  <testcase name="@AfterMethod tearDown" time="0.0" classname="com.quickride.scripts.RechargeEncashTest">
    <skipped/>
  </testcase> <!-- @AfterMethod tearDown -->
  <testcase name="@BeforeMethod setUp" time="0.0" classname="com.quickride.scripts.RideScheduleTest">
    <skipped/>
  </testcase> <!-- @BeforeMethod setUp -->
  <testcase name="@AfterMethod tearDown" time="0.0" classname="com.quickride.scripts.RideScheduleTest">
    <skipped/>
  </testcase> <!-- @AfterMethod tearDown -->
  <testcase name="@BeforeMethod setUp" time="0.0" classname="com.quickride.scripts.RidesTest">
    <skipped/>
  </testcase> <!-- @BeforeMethod setUp -->
  <testcase name="@AfterMethod tearDown" time="0.0" classname="com.quickride.scripts.RidesTest">
    <skipped/>
  </testcase> <!-- @AfterMethod tearDown -->
  <testcase name="@BeforeMethod setUp" time="0.0" classname="com.quickride.scripts.RideViewTest">
    <skipped/>
  </testcase> <!-- @BeforeMethod setUp -->
  <testcase name="@AfterMethod tearDown" time="0.0" classname="com.quickride.scripts.RideViewTest">
    <skipped/>
  </testcase> <!-- @AfterMethod tearDown -->
  <testcase name="@BeforeMethod setUp" time="0.0" classname="com.quickride.scripts.SocialGuestTest">
    <skipped/>
  </testcase> <!-- @BeforeMethod setUp -->
  <testcase name="@AfterMethod tearDown" time="0.0" classname="com.quickride.scripts.SocialGuestTest">
    <skipped/>
  </testcase> <!-- @AfterMethod tearDown -->
  <testcase name="@BeforeMethod setUp" time="0.0" classname="com.quickride.scripts.UserConfigTest">
    <skipped/>
  </testcase> <!-- @BeforeMethod setUp -->
  <testcase name="@AfterMethod tearDown" time="0.0" classname="com.quickride.scripts.UserConfigTest">
    <skipped/>
  </testcase> <!-- @AfterMethod tearDown -->
  <testcase name="@BeforeMethod setUp" time="0.0" classname="com.quickride.scripts.VehicleCustomisationTest">
    <skipped/>
  </testcase> <!-- @BeforeMethod setUp -->
  <testcase name="@AfterMethod tearDown" time="0.0" classname="com.quickride.scripts.VehicleCustomisationTest">
    <skipped/>
  </testcase> <!-- @AfterMethod tearDown -->
  <testcase name="@BeforeMethod setUp" time="0.0" classname="com.quickride.scripts.NewUserRegTest">
    <skipped/>
  </testcase> <!-- @BeforeMethod setUp -->
  <testcase name="@AfterMethod tearDown" time="0.0" classname="com.quickride.scripts.NewUserRegTest">
    <skipped/>
  </testcase> <!-- @AfterMethod tearDown -->
  <testcase name="@BeforeMethod setUp" time="0.0" classname="com.quickride.scripts.NotificationsTest">
    <skipped/>
  </testcase> <!-- @BeforeMethod setUp -->
  <testcase name="@AfterMethod tearDown" time="0.0" classname="com.quickride.scripts.NotificationsTest">
    <skipped/>
  </testcase> <!-- @AfterMethod tearDown -->
  <testcase name="@BeforeMethod setUp" time="0.0" classname="com.quickride.scripts.RechargeEncashTest">
    <skipped/>
  </testcase> <!-- @BeforeMethod setUp -->
  <testcase name="@AfterMethod tearDown" time="0.0" classname="com.quickride.scripts.RechargeEncashTest">
    <skipped/>
  </testcase> <!-- @AfterMethod tearDown -->
  <testcase name="@BeforeMethod setUp" time="0.0" classname="com.quickride.scripts.RideScheduleTest">
    <skipped/>
  </testcase> <!-- @BeforeMethod setUp -->
  <testcase name="@AfterMethod tearDown" time="0.0" classname="com.quickride.scripts.RideScheduleTest">
    <skipped/>
  </testcase> <!-- @AfterMethod tearDown -->
  <testcase name="@BeforeMethod setUp" time="0.0" classname="com.quickride.scripts.RidesTest">
    <skipped/>
  </testcase> <!-- @BeforeMethod setUp -->
  <testcase name="@AfterMethod tearDown" time="0.0" classname="com.quickride.scripts.RidesTest">
    <skipped/>
  </testcase> <!-- @AfterMethod tearDown -->
  <testcase name="@BeforeMethod setUp" time="0.0" classname="com.quickride.scripts.RideViewTest">
    <skipped/>
  </testcase> <!-- @BeforeMethod setUp -->
  <testcase name="@AfterMethod tearDown" time="0.0" classname="com.quickride.scripts.RideViewTest">
    <skipped/>
  </testcase> <!-- @AfterMethod tearDown -->
  <testcase name="@BeforeMethod setUp" time="0.0" classname="com.quickride.scripts.UserConfigTest">
    <skipped/>
  </testcase> <!-- @BeforeMethod setUp -->
  <testcase name="@AfterMethod tearDown" time="0.0" classname="com.quickride.scripts.UserConfigTest">
    <skipped/>
  </testcase> <!-- @AfterMethod tearDown -->
  <testcase name="@BeforeMethod setUp" time="0.0" classname="com.quickride.scripts.NewUserRegTest">
    <skipped/>
  </testcase> <!-- @BeforeMethod setUp -->
  <testcase name="@AfterMethod tearDown" time="0.0" classname="com.quickride.scripts.NewUserRegTest">
    <skipped/>
  </testcase> <!-- @AfterMethod tearDown -->
  <testcase name="@BeforeMethod setUp" time="0.0" classname="com.quickride.scripts.NotificationsTest">
    <skipped/>
  </testcase> <!-- @BeforeMethod setUp -->
  <testcase name="@AfterMethod tearDown" time="0.0" classname="com.quickride.scripts.NotificationsTest">
    <skipped/>
  </testcase> <!-- @AfterMethod tearDown -->
  <testcase name="@BeforeMethod setUp" time="0.0" classname="com.quickride.scripts.RechargeEncashTest">
    <skipped/>
  </testcase> <!-- @BeforeMethod setUp -->
  <testcase name="@AfterMethod tearDown" time="0.0" classname="com.quickride.scripts.RechargeEncashTest">
    <skipped/>
  </testcase> <!-- @AfterMethod tearDown -->
  <testcase name="@BeforeMethod setUp" time="0.0" classname="com.quickride.scripts.RideScheduleTest">
    <skipped/>
  </testcase> <!-- @BeforeMethod setUp -->
  <testcase name="@AfterMethod tearDown" time="0.0" classname="com.quickride.scripts.RideScheduleTest">
    <skipped/>
  </testcase> <!-- @AfterMethod tearDown -->
  <testcase name="@BeforeMethod setUp" time="0.0" classname="com.quickride.scripts.RidesTest">
    <skipped/>
  </testcase> <!-- @BeforeMethod setUp -->
  <testcase name="@AfterMethod tearDown" time="0.0" classname="com.quickride.scripts.RidesTest">
    <skipped/>
  </testcase> <!-- @AfterMethod tearDown -->
  <testcase name="@BeforeMethod setUp" time="0.0" classname="com.quickride.scripts.RideViewTest">
    <skipped/>
  </testcase> <!-- @BeforeMethod setUp -->
  <testcase name="@AfterMethod tearDown" time="0.0" classname="com.quickride.scripts.RideViewTest">
    <skipped/>
  </testcase> <!-- @AfterMethod tearDown -->
  <testcase name="@BeforeMethod setUp" time="0.0" classname="com.quickride.scripts.UserConfigTest">
    <skipped/>
  </testcase> <!-- @BeforeMethod setUp -->
  <testcase name="@AfterMethod tearDown" time="0.0" classname="com.quickride.scripts.UserConfigTest">
    <skipped/>
  </testcase> <!-- @AfterMethod tearDown -->
  <testcase name="@BeforeMethod setUp" time="0.0" classname="com.quickride.scripts.NewUserRegTest">
    <skipped/>
  </testcase> <!-- @BeforeMethod setUp -->
  <testcase name="@AfterMethod tearDown" time="0.0" classname="com.quickride.scripts.NewUserRegTest">
    <skipped/>
  </testcase> <!-- @AfterMethod tearDown -->
  <testcase name="@BeforeMethod setUp" time="0.0" classname="com.quickride.scripts.NotificationsTest">
    <skipped/>
  </testcase> <!-- @BeforeMethod setUp -->
  <testcase name="@AfterMethod tearDown" time="0.0" classname="com.quickride.scripts.NotificationsTest">
    <skipped/>
  </testcase> <!-- @AfterMethod tearDown -->
  <testcase name="@BeforeMethod setUp" time="0.0" classname="com.quickride.scripts.RechargeEncashTest">
    <skipped/>
  </testcase> <!-- @BeforeMethod setUp -->
  <testcase name="@AfterMethod tearDown" time="0.0" classname="com.quickride.scripts.RechargeEncashTest">
    <skipped/>
  </testcase> <!-- @AfterMethod tearDown -->
  <testcase name="@BeforeMethod setUp" time="0.0" classname="com.quickride.scripts.RideScheduleTest">
    <skipped/>
  </testcase> <!-- @BeforeMethod setUp -->
  <testcase name="@AfterMethod tearDown" time="0.0" classname="com.quickride.scripts.RideScheduleTest">
    <skipped/>
  </testcase> <!-- @AfterMethod tearDown -->
  <testcase name="@BeforeMethod setUp" time="0.0" classname="com.quickride.scripts.RidesTest">
    <skipped/>
  </testcase> <!-- @BeforeMethod setUp -->
  <testcase name="@AfterMethod tearDown" time="0.0" classname="com.quickride.scripts.RidesTest">
    <skipped/>
  </testcase> <!-- @AfterMethod tearDown -->
  <testcase name="@BeforeMethod setUp" time="0.0" classname="com.quickride.scripts.RideViewTest">
    <skipped/>
  </testcase> <!-- @BeforeMethod setUp -->
  <testcase name="@AfterMethod tearDown" time="0.0" classname="com.quickride.scripts.RideViewTest">
    <skipped/>
  </testcase> <!-- @AfterMethod tearDown -->
  <testcase name="@BeforeMethod setUp" time="0.0" classname="com.quickride.scripts.UserConfigTest">
    <skipped/>
  </testcase> <!-- @BeforeMethod setUp -->
  <testcase name="@AfterMethod tearDown" time="0.0" classname="com.quickride.scripts.UserConfigTest">
    <skipped/>
  </testcase> <!-- @AfterMethod tearDown -->
  <testcase name="@BeforeMethod setUp" time="0.0" classname="com.quickride.scripts.NewUserRegTest">
    <skipped/>
  </testcase> <!-- @BeforeMethod setUp -->
  <testcase name="@AfterMethod tearDown" time="0.0" classname="com.quickride.scripts.NewUserRegTest">
    <skipped/>
  </testcase> <!-- @AfterMethod tearDown -->
  <testcase name="@BeforeMethod setUp" time="0.0" classname="com.quickride.scripts.NotificationsTest">
    <skipped/>
  </testcase> <!-- @BeforeMethod setUp -->
  <testcase name="@AfterMethod tearDown" time="0.0" classname="com.quickride.scripts.NotificationsTest">
    <skipped/>
  </testcase> <!-- @AfterMethod tearDown -->
  <testcase name="@BeforeMethod setUp" time="0.0" classname="com.quickride.scripts.RideScheduleTest">
    <skipped/>
  </testcase> <!-- @BeforeMethod setUp -->
  <testcase name="@AfterMethod tearDown" time="0.0" classname="com.quickride.scripts.RideScheduleTest">
    <skipped/>
  </testcase> <!-- @AfterMethod tearDown -->
  <testcase name="@BeforeMethod setUp" time="0.0" classname="com.quickride.scripts.RidesTest">
    <skipped/>
  </testcase> <!-- @BeforeMethod setUp -->
  <testcase name="@AfterMethod tearDown" time="0.0" classname="com.quickride.scripts.RidesTest">
    <skipped/>
  </testcase> <!-- @AfterMethod tearDown -->
  <testcase name="@BeforeMethod setUp" time="0.0" classname="com.quickride.scripts.RideViewTest">
    <skipped/>
  </testcase> <!-- @BeforeMethod setUp -->
  <testcase name="@AfterMethod tearDown" time="0.0" classname="com.quickride.scripts.RideViewTest">
    <skipped/>
  </testcase> <!-- @AfterMethod tearDown -->
  <testcase name="@BeforeMethod setUp" time="0.0" classname="com.quickride.scripts.NewUserRegTest">
    <skipped/>
  </testcase> <!-- @BeforeMethod setUp -->
  <testcase name="@AfterMethod tearDown" time="0.0" classname="com.quickride.scripts.NewUserRegTest">
    <skipped/>
  </testcase> <!-- @AfterMethod tearDown -->
  <testcase name="@BeforeMethod setUp" time="0.0" classname="com.quickride.scripts.NotificationsTest">
    <skipped/>
  </testcase> <!-- @BeforeMethod setUp -->
  <testcase name="@AfterMethod tearDown" time="0.0" classname="com.quickride.scripts.NotificationsTest">
    <skipped/>
  </testcase> <!-- @AfterMethod tearDown -->
  <testcase name="@BeforeMethod setUp" time="0.0" classname="com.quickride.scripts.RideScheduleTest">
    <skipped/>
  </testcase> <!-- @BeforeMethod setUp -->
  <testcase name="@AfterMethod tearDown" time="0.0" classname="com.quickride.scripts.RideScheduleTest">
    <skipped/>
  </testcase> <!-- @AfterMethod tearDown -->
  <testcase name="@BeforeMethod setUp" time="0.0" classname="com.quickride.scripts.RidesTest">
    <skipped/>
  </testcase> <!-- @BeforeMethod setUp -->
  <testcase name="@AfterMethod tearDown" time="0.0" classname="com.quickride.scripts.RidesTest">
    <skipped/>
  </testcase> <!-- @AfterMethod tearDown -->
  <testcase name="@BeforeMethod setUp" time="0.0" classname="com.quickride.scripts.RideViewTest">
    <skipped/>
  </testcase> <!-- @BeforeMethod setUp -->
  <testcase name="@AfterMethod tearDown" time="0.0" classname="com.quickride.scripts.RideViewTest">
    <skipped/>
  </testcase> <!-- @AfterMethod tearDown -->
  <testcase name="@BeforeMethod setUp" time="0.0" classname="com.quickride.scripts.NewUserRegTest">
    <skipped/>
  </testcase> <!-- @BeforeMethod setUp -->
  <testcase name="@AfterMethod tearDown" time="0.0" classname="com.quickride.scripts.NewUserRegTest">
    <skipped/>
  </testcase> <!-- @AfterMethod tearDown -->
  <testcase name="@BeforeMethod setUp" time="0.0" classname="com.quickride.scripts.NotificationsTest">
    <skipped/>
  </testcase> <!-- @BeforeMethod setUp -->
  <testcase name="@AfterMethod tearDown" time="0.0" classname="com.quickride.scripts.NotificationsTest">
    <skipped/>
  </testcase> <!-- @AfterMethod tearDown -->
  <testcase name="@BeforeMethod setUp" time="0.0" classname="com.quickride.scripts.RideScheduleTest">
    <skipped/>
  </testcase> <!-- @BeforeMethod setUp -->
  <testcase name="@AfterMethod tearDown" time="0.0" classname="com.quickride.scripts.RideScheduleTest">
    <skipped/>
  </testcase> <!-- @AfterMethod tearDown -->
  <testcase name="@BeforeMethod setUp" time="0.0" classname="com.quickride.scripts.RidesTest">
    <skipped/>
  </testcase> <!-- @BeforeMethod setUp -->
  <testcase name="@AfterMethod tearDown" time="0.0" classname="com.quickride.scripts.RidesTest">
    <skipped/>
  </testcase> <!-- @AfterMethod tearDown -->
  <testcase name="@BeforeMethod setUp" time="0.0" classname="com.quickride.scripts.RideViewTest">
    <skipped/>
  </testcase> <!-- @BeforeMethod setUp -->
  <testcase name="@AfterMethod tearDown" time="0.0" classname="com.quickride.scripts.RideViewTest">
    <skipped/>
  </testcase> <!-- @AfterMethod tearDown -->
  <testcase name="@BeforeMethod setUp" time="0.0" classname="com.quickride.scripts.NotificationsTest">
    <skipped/>
  </testcase> <!-- @BeforeMethod setUp -->
  <testcase name="@AfterMethod tearDown" time="0.0" classname="com.quickride.scripts.NotificationsTest">
    <skipped/>
  </testcase> <!-- @AfterMethod tearDown -->
  <testcase name="@BeforeMethod setUp" time="0.0" classname="com.quickride.scripts.RidesTest">
    <skipped/>
  </testcase> <!-- @BeforeMethod setUp -->
  <testcase name="@AfterMethod tearDown" time="0.0" classname="com.quickride.scripts.RidesTest">
    <skipped/>
  </testcase> <!-- @AfterMethod tearDown -->
  <testcase name="@BeforeMethod setUp" time="0.0" classname="com.quickride.scripts.NotificationsTest">
    <skipped/>
  </testcase> <!-- @BeforeMethod setUp -->
  <testcase name="@AfterMethod tearDown" time="0.0" classname="com.quickride.scripts.NotificationsTest">
    <skipped/>
  </testcase> <!-- @AfterMethod tearDown -->
  <testcase name="@BeforeMethod setUp" time="0.0" classname="com.quickride.scripts.RidesTest">
    <skipped/>
  </testcase> <!-- @BeforeMethod setUp -->
  <testcase name="@AfterMethod tearDown" time="0.0" classname="com.quickride.scripts.RidesTest">
    <skipped/>
  </testcase> <!-- @AfterMethod tearDown -->
  <testcase name="@BeforeMethod setUp" time="0.0" classname="com.quickride.scripts.RidesTest">
    <skipped/>
  </testcase> <!-- @BeforeMethod setUp -->
  <testcase name="@AfterMethod tearDown" time="0.0" classname="com.quickride.scripts.RidesTest">
    <skipped/>
  </testcase> <!-- @AfterMethod tearDown -->
  <testcase name="testRatingFeedback" time="0.001" classname="com.quickride.scripts.FeedbackTest">
    <skipped/>
  </testcase> <!-- testRatingFeedback -->
  <testcase name="testGroupChat" time="0.005" classname="com.quickride.scripts.GroupChatTest">
    <skipped/>
  </testcase> <!-- testGroupChat -->
  <testcase name="testNewUserSignUP" time="0.001" classname="com.quickride.scripts.NewUserRegTest">
    <skipped/>
  </testcase> <!-- testNewUserSignUP -->
  <testcase name="testRiderPassengerJoinNoti" time="0.001" classname="com.quickride.scripts.NotificationsTest">
    <skipped/>
  </testcase> <!-- testRiderPassengerJoinNoti -->
  <testcase name="testRecharge" time="0.001" classname="com.quickride.scripts.RechargeEncashTest">
    <skipped/>
  </testcase> <!-- testRecharge -->
  <testcase name="testSameGender" time="0.006" classname="com.quickride.scripts.RideMatchConstraintsTest">
    <skipped/>
  </testcase> <!-- testSameGender -->
  <testcase name="testOffrRdCurrentLoc" time="0.0" classname="com.quickride.scripts.RideScheduleTest">
    <skipped/>
  </testcase> <!-- testOffrRdCurrentLoc -->
  <testcase name="testScheduledStatusRider" time="0.0" classname="com.quickride.scripts.RidesTest">
    <skipped/>
  </testcase> <!-- testScheduledStatusRider -->
  <testcase name="testCreateMultipleRiders" time="0.0" classname="com.quickride.scripts.RideViewTest">
    <skipped/>
  </testcase> <!-- testCreateMultipleRiders -->
  <testcase name="testGuestSignUp" time="0.0" classname="com.quickride.scripts.SocialGuestTest">
    <skipped/>
  </testcase> <!-- testGuestSignUp -->
  <testcase name="testUsersetting" time="0.001" classname="com.quickride.scripts.UserConfigTest">
    <skipped/>
  </testcase> <!-- testUsersetting -->
  <testcase name="testDefaultVehicleAdded" time="0.0" classname="com.quickride.scripts.VehicleCustomisationTest">
    <skipped/>
  </testcase> <!-- testDefaultVehicleAdded -->
  <testcase name="testratingFeedback" time="0.0" classname="com.quickride.scripts.FeedbackTest">
    <skipped/>
  </testcase> <!-- testratingFeedback -->
  <testcase name="testOfflineGroupChat" time="0.001" classname="com.quickride.scripts.GroupChatTest">
    <skipped/>
  </testcase> <!-- testOfflineGroupChat -->
  <testcase name="testSignUpIncomplete" time="0.0" classname="com.quickride.scripts.NewUserRegTest">
    <skipped/>
  </testcase> <!-- testSignUpIncomplete -->
  <testcase name="testRiderStartedNoti" time="0.0" classname="com.quickride.scripts.NotificationsTest">
    <skipped/>
  </testcase> <!-- testRiderStartedNoti -->
  <testcase name="testRechargeJoinRide" time="0.0" classname="com.quickride.scripts.RechargeEncashTest">
    <skipped/>
  </testcase> <!-- testRechargeJoinRide -->
  <testcase name="testSameCompany" time="0.001" classname="com.quickride.scripts.RideMatchConstraintsTest">
    <skipped/>
  </testcase> <!-- testSameCompany -->
  <testcase name="testReqstRdCurrentLoc" time="0.001" classname="com.quickride.scripts.RideScheduleTest">
    <skipped/>
  </testcase> <!-- testReqstRdCurrentLoc -->
  <testcase name="testScheduledStatusPassenger" time="0.001" classname="com.quickride.scripts.RidesTest">
    <skipped/>
  </testcase> <!-- testScheduledStatusPassenger -->
  <testcase name="testStartRide" time="0.001" classname="com.quickride.scripts.RideViewTest">
    <skipped/>
  </testcase> <!-- testStartRide -->
  <testcase name="testFBLogin" time="0.001" classname="com.quickride.scripts.SocialGuestTest">
    <skipped/>
  </testcase> <!-- testFBLogin -->
  <testcase name="testForgetPassword" time="0.001" classname="com.quickride.scripts.UserConfigTest">
    <skipped/>
  </testcase> <!-- testForgetPassword -->
  <testcase name="testFare" time="0.0" classname="com.quickride.scripts.VehicleCustomisationTest">
    <skipped/>
  </testcase> <!-- testFare -->
  <testcase name="testSignUpErrCode" time="0.001" classname="com.quickride.scripts.NewUserRegTest">
    <skipped/>
  </testcase> <!-- testSignUpErrCode -->
  <testcase name="testRiderStartedCancelled" time="0.001" classname="com.quickride.scripts.NotificationsTest">
    <skipped/>
  </testcase> <!-- testRiderStartedCancelled -->
  <testcase name="testEncashAmountShareLater" time="0.0" classname="com.quickride.scripts.RechargeEncashTest">
    <skipped/>
  </testcase> <!-- testEncashAmountShareLater -->
  <testcase name="testRdrRejectsPassngrSrchRider" time="0.0" classname="com.quickride.scripts.RideScheduleTest">
    <skipped/>
  </testcase> <!-- testRdrRejectsPassngrSrchRider -->
  <testcase name="testStartedStatusRider" time="0.001" classname="com.quickride.scripts.RidesTest">
    <skipped/>
  </testcase> <!-- testStartedStatusRider -->
  <testcase name="testPassengerCheckIn" time="0.001" classname="com.quickride.scripts.RideViewTest">
    <skipped/>
  </testcase> <!-- testPassengerCheckIn -->
  <testcase name="testLoginOthrUser" time="0.001" classname="com.quickride.scripts.SocialGuestTest">
    <skipped/>
  </testcase> <!-- testLoginOthrUser -->
  <testcase name="testChangePassword" time="0.007" classname="com.quickride.scripts.UserConfigTest">
    <skipped/>
  </testcase> <!-- testChangePassword -->
  <testcase name="testSupportBike" time="0.0" classname="com.quickride.scripts.VehicleCustomisationTest">
    <skipped/>
  </testcase> <!-- testSupportBike -->
  <testcase name="testSignUpSameUser" time="0.001" classname="com.quickride.scripts.NewUserRegTest">
    <skipped/>
  </testcase> <!-- testSignUpSameUser -->
  <testcase name="testPassengerJoinsCancels" time="0.0" classname="com.quickride.scripts.NotificationsTest">
    <skipped/>
  </testcase> <!-- testPassengerJoinsCancels -->
  <testcase name="testEncashAmountShare" time="0.0" classname="com.quickride.scripts.RechargeEncashTest">
    <skipped/>
  </testcase> <!-- testEncashAmountShare -->
  <testcase name="testRdrRejectsPassngr" time="0.001" classname="com.quickride.scripts.RideScheduleTest">
    <skipped/>
  </testcase> <!-- testRdrRejectsPassngr -->
  <testcase name="testStartedStatusPassenger" time="0.001" classname="com.quickride.scripts.RidesTest">
    <skipped/>
  </testcase> <!-- testStartedStatusPassenger -->
  <testcase name="testPassengerCheckOut" time="0.001" classname="com.quickride.scripts.RideViewTest">
    <skipped/>
  </testcase> <!-- testPassengerCheckOut -->
  <testcase name="testUserupdating" time="0.001" classname="com.quickride.scripts.UserConfigTest">
    <skipped/>
  </testcase> <!-- testUserupdating -->
  <testcase name="testLogoutReLogin" time="0.001" classname="com.quickride.scripts.NewUserRegTest">
    <skipped/>
  </testcase> <!-- testLogoutReLogin -->
  <testcase name="testRideNotiPassengerJoinsCancels" time="0.0" classname="com.quickride.scripts.NotificationsTest">
    <skipped/>
  </testcase> <!-- testRideNotiPassengerJoinsCancels -->
  <testcase name="testBillingCustomisedPricing" time="0.001" classname="com.quickride.scripts.RechargeEncashTest">
    <skipped/>
  </testcase> <!-- testBillingCustomisedPricing -->
  <testcase name="testUpcomingRequested" time="0.001" classname="com.quickride.scripts.RideScheduleTest">
    <skipped/>
  </testcase> <!-- testUpcomingRequested -->
  <testcase name="testRequestedStatusRider" time="0.0" classname="com.quickride.scripts.RidesTest">
    <skipped/>
  </testcase> <!-- testRequestedStatusRider -->
  <testcase name="testRiderStopRide" time="0.0" classname="com.quickride.scripts.RideViewTest">
    <skipped/>
  </testcase> <!-- testRiderStopRide -->
  <testcase name="testUserProfileSocialLinks" time="0.001" classname="com.quickride.scripts.UserConfigTest">
    <skipped/>
  </testcase> <!-- testUserProfileSocialLinks -->
  <testcase name="testLoginWrongPwd" time="0.001" classname="com.quickride.scripts.NewUserRegTest">
    <skipped/>
  </testcase> <!-- testLoginWrongPwd -->
  <testcase name="testNotiPassengerJoinsCancelsAfterStart" time="0.0" classname="com.quickride.scripts.NotificationsTest">
    <skipped/>
  </testcase> <!-- testNotiPassengerJoinsCancelsAfterStart -->
  <testcase name="testBillingZeroPricing" time="0.001" classname="com.quickride.scripts.RechargeEncashTest">
    <skipped/>
  </testcase> <!-- testBillingZeroPricing -->
  <testcase name="testMyRidesFavourite" time="0.032" classname="com.quickride.scripts.RideScheduleTest">
    <skipped/>
  </testcase> <!-- testMyRidesFavourite -->
  <testcase name="testRequestedStatusPassenger" time="0.001" classname="com.quickride.scripts.RidesTest">
    <skipped/>
  </testcase> <!-- testRequestedStatusPassenger -->
  <testcase name="testRiderCancelRide" time="0.001" classname="com.quickride.scripts.RideViewTest">
    <skipped/>
  </testcase> <!-- testRiderCancelRide -->
  <testcase name="testUserDifferentDevices" time="0.001" classname="com.quickride.scripts.UserConfigTest">
    <skipped/>
  </testcase> <!-- testUserDifferentDevices -->
  <testcase name="testCloseReOpenQR" time="0.002" classname="com.quickride.scripts.NewUserRegTest">
    <skipped/>
  </testcase> <!-- testCloseReOpenQR -->
  <testcase name="testNotiDeletedLongPress" time="0.001" classname="com.quickride.scripts.NotificationsTest">
    <skipped/>
  </testcase> <!-- testNotiDeletedLongPress -->
  <testcase name="testSelectRide" time="0.001" classname="com.quickride.scripts.RideScheduleTest">
    <skipped/>
  </testcase> <!-- testSelectRide -->
  <testcase name="testCompletedStatusRider" time="0.003" classname="com.quickride.scripts.RidesTest">
    <skipped/>
  </testcase> <!-- testCompletedStatusRider -->
  <testcase name="testGroupChatIcn" time="0.0" classname="com.quickride.scripts.RideViewTest">
    <skipped/>
  </testcase> <!-- testGroupChatIcn -->
  <testcase name="testNewUserSignUPProfile" time="0.002" classname="com.quickride.scripts.NewUserRegTest">
    <skipped/>
  </testcase> <!-- testNewUserSignUPProfile -->
  <testcase name="testNotiDeleteBySwipe" time="0.0" classname="com.quickride.scripts.NotificationsTest">
    <skipped/>
  </testcase> <!-- testNotiDeleteBySwipe -->
  <testcase name="testMoreCarCapacitySeats" time="0.0" classname="com.quickride.scripts.RideScheduleTest">
    <skipped/>
  </testcase> <!-- testMoreCarCapacitySeats -->
  <testcase name="testCompletedStatusPassenger" time="0.0" classname="com.quickride.scripts.RidesTest">
    <skipped/>
  </testcase> <!-- testCompletedStatusPassenger -->
  <testcase name="testLocation" time="0.001" classname="com.quickride.scripts.RideViewTest">
    <skipped/>
  </testcase> <!-- testLocation -->
  <testcase name="testLogoutNoVerifyQuickRide" time="0.019" classname="com.quickride.scripts.NewUserRegTest">
    <skipped/>
  </testcase> <!-- testLogoutNoVerifyQuickRide -->
  <testcase name="testNotiReject" time="0.0" classname="com.quickride.scripts.NotificationsTest">
    <skipped/>
  </testcase> <!-- testNotiReject -->
  <testcase name="testCarCapacityCancelRide" time="0.0" classname="com.quickride.scripts.RideScheduleTest">
    <skipped/>
  </testcase> <!-- testCarCapacityCancelRide -->
  <testcase name="testCancelledStsRider" time="0.0" classname="com.quickride.scripts.RidesTest">
    <skipped/>
  </testcase> <!-- testCancelledStsRider -->
  <testcase name="testpassengercancelRide" time="0.001" classname="com.quickride.scripts.RideViewTest">
    <skipped/>
  </testcase> <!-- testpassengercancelRide -->
  <testcase name="testNotiProfile" time="0.001" classname="com.quickride.scripts.NotificationsTest">
    <skipped/>
  </testcase> <!-- testNotiProfile -->
  <testcase name="testCancelledStsPassenger" time="0.002" classname="com.quickride.scripts.RidesTest">
    <skipped/>
  </testcase> <!-- testCancelledStsPassenger -->
  <testcase name="testNotiCountTxt" time="0.001" classname="com.quickride.scripts.NotificationsTest">
    <skipped/>
  </testcase> <!-- testNotiCountTxt -->
  <testcase name="testPassengerCancelStatus" time="0.0" classname="com.quickride.scripts.RidesTest">
    <skipped/>
  </testcase> <!-- testPassengerCancelStatus -->
  <testcase name="testRiderAcceptsPassengerCancelsSts" time="0.0" classname="com.quickride.scripts.RidesTest">
    <skipped/>
  </testcase> <!-- testRiderAcceptsPassengerCancelsSts -->
</testsuite> <!-- Test -->
