<?xml version="1.0" encoding="UTF-8"?>
<testng-results skipped="74" failed="0" total="74" passed="0">
  <reporter-output>
  </reporter-output>
  <suite name="Suite" duration-ms="1565" started-at="2015-11-23T07:41:01Z" finished-at="2015-11-23T07:41:03Z">
    <groups>
    </groups>
    <test name="Test" duration-ms="1565" started-at="2015-11-23T07:41:01Z" finished-at="2015-11-23T07:41:03Z">
      <class name="com.quickride.scripts.UserConfigTest">
        <test-method status="SKIP" signature="testUsersetting()[pri:0, instance:com.quickride.scripts.UserConfigTest@16022d9d]" name="testUsersetting" duration-ms="1" started-at="2015-11-23T13:11:02Z" finished-at="2015-11-23T13:11:02Z">
          <reporter-output>
          </reporter-output>
        </test-method> <!-- testUsersetting -->
        <test-method status="SKIP" signature="setUp()[pri:0, instance:com.quickride.scripts.UserConfigTest@16022d9d]" name="setUp" is-config="true" duration-ms="0" started-at="2015-11-23T13:11:02Z" finished-at="2015-11-23T13:11:02Z">
          <reporter-output>
          </reporter-output>
        </test-method> <!-- setUp -->
        <test-method status="SKIP" signature="tearDown()[pri:0, instance:com.quickride.scripts.UserConfigTest@16022d9d]" name="tearDown" is-config="true" duration-ms="0" started-at="2015-11-23T13:11:02Z" finished-at="2015-11-23T13:11:02Z">
          <reporter-output>
          </reporter-output>
        </test-method> <!-- tearDown -->
        <test-method status="SKIP" signature="testForgetPassword()[pri:0, instance:com.quickride.scripts.UserConfigTest@16022d9d]" name="testForgetPassword" duration-ms="1" started-at="2015-11-23T13:11:02Z" finished-at="2015-11-23T13:11:02Z">
          <reporter-output>
          </reporter-output>
        </test-method> <!-- testForgetPassword -->
        <test-method status="SKIP" signature="setUp()[pri:0, instance:com.quickride.scripts.UserConfigTest@16022d9d]" name="setUp" is-config="true" duration-ms="0" started-at="2015-11-23T13:11:02Z" finished-at="2015-11-23T13:11:02Z">
          <reporter-output>
          </reporter-output>
        </test-method> <!-- setUp -->
        <test-method status="SKIP" signature="tearDown()[pri:0, instance:com.quickride.scripts.UserConfigTest@16022d9d]" name="tearDown" is-config="true" duration-ms="0" started-at="2015-11-23T13:11:02Z" finished-at="2015-11-23T13:11:02Z">
          <reporter-output>
          </reporter-output>
        </test-method> <!-- tearDown -->
        <test-method status="SKIP" signature="setUp()[pri:0, instance:com.quickride.scripts.UserConfigTest@16022d9d]" name="setUp" is-config="true" duration-ms="0" started-at="2015-11-23T13:11:02Z" finished-at="2015-11-23T13:11:02Z">
          <reporter-output>
          </reporter-output>
        </test-method> <!-- setUp -->
        <test-method status="SKIP" signature="testChangePassword()[pri:0, instance:com.quickride.scripts.UserConfigTest@16022d9d]" name="testChangePassword" duration-ms="0" started-at="2015-11-23T13:11:02Z" finished-at="2015-11-23T13:11:02Z">
          <reporter-output>
          </reporter-output>
        </test-method> <!-- testChangePassword -->
        <test-method status="SKIP" signature="tearDown()[pri:0, instance:com.quickride.scripts.UserConfigTest@16022d9d]" name="tearDown" is-config="true" duration-ms="0" started-at="2015-11-23T13:11:02Z" finished-at="2015-11-23T13:11:02Z">
          <reporter-output>
          </reporter-output>
        </test-method> <!-- tearDown -->
        <test-method status="SKIP" signature="setUp()[pri:0, instance:com.quickride.scripts.UserConfigTest@16022d9d]" name="setUp" is-config="true" duration-ms="0" started-at="2015-11-23T13:11:02Z" finished-at="2015-11-23T13:11:02Z">
          <reporter-output>
          </reporter-output>
        </test-method> <!-- setUp -->
        <test-method status="SKIP" signature="testUserupdating()[pri:0, instance:com.quickride.scripts.UserConfigTest@16022d9d]" name="testUserupdating" duration-ms="0" started-at="2015-11-23T13:11:02Z" finished-at="2015-11-23T13:11:02Z">
          <reporter-output>
          </reporter-output>
        </test-method> <!-- testUserupdating -->
        <test-method status="SKIP" signature="tearDown()[pri:0, instance:com.quickride.scripts.UserConfigTest@16022d9d]" name="tearDown" is-config="true" duration-ms="0" started-at="2015-11-23T13:11:02Z" finished-at="2015-11-23T13:11:02Z">
          <reporter-output>
          </reporter-output>
        </test-method> <!-- tearDown -->
        <test-method status="SKIP" signature="setUp()[pri:0, instance:com.quickride.scripts.UserConfigTest@16022d9d]" name="setUp" is-config="true" duration-ms="0" started-at="2015-11-23T13:11:02Z" finished-at="2015-11-23T13:11:02Z">
          <reporter-output>
          </reporter-output>
        </test-method> <!-- setUp -->
        <test-method status="SKIP" signature="testUserProfileSocialLinks()[pri:0, instance:com.quickride.scripts.UserConfigTest@16022d9d]" name="testUserProfileSocialLinks" duration-ms="0" started-at="2015-11-23T13:11:02Z" finished-at="2015-11-23T13:11:02Z">
          <reporter-output>
          </reporter-output>
        </test-method> <!-- testUserProfileSocialLinks -->
        <test-method status="SKIP" signature="tearDown()[pri:0, instance:com.quickride.scripts.UserConfigTest@16022d9d]" name="tearDown" is-config="true" duration-ms="0" started-at="2015-11-23T13:11:02Z" finished-at="2015-11-23T13:11:02Z">
          <reporter-output>
          </reporter-output>
        </test-method> <!-- tearDown -->
        <test-method status="SKIP" signature="setUp()[pri:0, instance:com.quickride.scripts.UserConfigTest@16022d9d]" name="setUp" is-config="true" duration-ms="0" started-at="2015-11-23T13:11:02Z" finished-at="2015-11-23T13:11:02Z">
          <reporter-output>
          </reporter-output>
        </test-method> <!-- setUp -->
        <test-method status="SKIP" signature="testUserDifferentDevices()[pri:0, instance:com.quickride.scripts.UserConfigTest@16022d9d]" name="testUserDifferentDevices" duration-ms="0" started-at="2015-11-23T13:11:02Z" finished-at="2015-11-23T13:11:02Z">
          <reporter-output>
          </reporter-output>
        </test-method> <!-- testUserDifferentDevices -->
        <test-method status="SKIP" signature="tearDown()[pri:0, instance:com.quickride.scripts.UserConfigTest@16022d9d]" name="tearDown" is-config="true" duration-ms="0" started-at="2015-11-23T13:11:02Z" finished-at="2015-11-23T13:11:02Z">
          <reporter-output>
          </reporter-output>
        </test-method> <!-- tearDown -->
      </class> <!-- com.quickride.scripts.UserConfigTest -->
      <class name="com.quickride.scripts.GroupChatTest">
        <test-method status="SKIP" signature="setUp()[pri:0, instance:com.quickride.scripts.GroupChatTest@44a3ec6b]" name="setUp" is-config="true" duration-ms="0" started-at="2015-11-23T13:11:02Z" finished-at="2015-11-23T13:11:02Z">
          <reporter-output>
          </reporter-output>
        </test-method> <!-- setUp -->
        <test-method status="SKIP" signature="testGroupChat()[pri:0, instance:com.quickride.scripts.GroupChatTest@44a3ec6b]" name="testGroupChat" duration-ms="1" started-at="2015-11-23T13:11:02Z" finished-at="2015-11-23T13:11:02Z">
          <reporter-output>
          </reporter-output>
        </test-method> <!-- testGroupChat -->
        <test-method status="SKIP" signature="tearDown()[pri:0, instance:com.quickride.scripts.GroupChatTest@44a3ec6b]" name="tearDown" is-config="true" duration-ms="0" started-at="2015-11-23T13:11:02Z" finished-at="2015-11-23T13:11:02Z">
          <reporter-output>
          </reporter-output>
        </test-method> <!-- tearDown -->
        <test-method status="SKIP" signature="setUp()[pri:0, instance:com.quickride.scripts.GroupChatTest@44a3ec6b]" name="setUp" is-config="true" duration-ms="0" started-at="2015-11-23T13:11:02Z" finished-at="2015-11-23T13:11:02Z">
          <reporter-output>
          </reporter-output>
        </test-method> <!-- setUp -->
        <test-method status="SKIP" signature="testOfflineGroupChat()[pri:0, instance:com.quickride.scripts.GroupChatTest@44a3ec6b]" name="testOfflineGroupChat" duration-ms="1" started-at="2015-11-23T13:11:02Z" finished-at="2015-11-23T13:11:02Z">
          <reporter-output>
          </reporter-output>
        </test-method> <!-- testOfflineGroupChat -->
        <test-method status="SKIP" signature="tearDown()[pri:0, instance:com.quickride.scripts.GroupChatTest@44a3ec6b]" name="tearDown" is-config="true" duration-ms="0" started-at="2015-11-23T13:11:02Z" finished-at="2015-11-23T13:11:02Z">
          <reporter-output>
          </reporter-output>
        </test-method> <!-- tearDown -->
      </class> <!-- com.quickride.scripts.GroupChatTest -->
      <class name="com.quickride.scripts.RideScheduleTest">
        <test-method status="SKIP" signature="setUp()[pri:0, instance:com.quickride.scripts.RideScheduleTest@71623278]" name="setUp" is-config="true" duration-ms="0" started-at="2015-11-23T13:11:02Z" finished-at="2015-11-23T13:11:02Z">
          <reporter-output>
          </reporter-output>
        </test-method> <!-- setUp -->
        <test-method status="SKIP" signature="testOffrRdCurrentLoc()[pri:0, instance:com.quickride.scripts.RideScheduleTest@71623278]" name="testOffrRdCurrentLoc" duration-ms="0" started-at="2015-11-23T13:11:02Z" finished-at="2015-11-23T13:11:02Z">
          <reporter-output>
          </reporter-output>
        </test-method> <!-- testOffrRdCurrentLoc -->
        <test-method status="SKIP" signature="tearDown()[pri:0, instance:com.quickride.scripts.RideScheduleTest@71623278]" name="tearDown" is-config="true" duration-ms="0" started-at="2015-11-23T13:11:02Z" finished-at="2015-11-23T13:11:02Z">
          <reporter-output>
          </reporter-output>
        </test-method> <!-- tearDown -->
        <test-method status="SKIP" signature="setUp()[pri:0, instance:com.quickride.scripts.RideScheduleTest@71623278]" name="setUp" is-config="true" duration-ms="0" started-at="2015-11-23T13:11:02Z" finished-at="2015-11-23T13:11:02Z">
          <reporter-output>
          </reporter-output>
        </test-method> <!-- setUp -->
        <test-method status="SKIP" signature="testReqstRdCurrentLoc()[pri:0, instance:com.quickride.scripts.RideScheduleTest@71623278]" name="testReqstRdCurrentLoc" duration-ms="1" started-at="2015-11-23T13:11:02Z" finished-at="2015-11-23T13:11:02Z">
          <reporter-output>
          </reporter-output>
        </test-method> <!-- testReqstRdCurrentLoc -->
        <test-method status="SKIP" signature="tearDown()[pri:0, instance:com.quickride.scripts.RideScheduleTest@71623278]" name="tearDown" is-config="true" duration-ms="0" started-at="2015-11-23T13:11:02Z" finished-at="2015-11-23T13:11:02Z">
          <reporter-output>
          </reporter-output>
        </test-method> <!-- tearDown -->
        <test-method status="SKIP" signature="testRdrRejectsPassngrSrchRider()[pri:0, instance:com.quickride.scripts.RideScheduleTest@71623278]" name="testRdrRejectsPassngrSrchRider" duration-ms="0" started-at="2015-11-23T13:11:02Z" finished-at="2015-11-23T13:11:02Z">
          <reporter-output>
          </reporter-output>
        </test-method> <!-- testRdrRejectsPassngrSrchRider -->
        <test-method status="SKIP" signature="setUp()[pri:0, instance:com.quickride.scripts.RideScheduleTest@71623278]" name="setUp" is-config="true" duration-ms="0" started-at="2015-11-23T13:11:02Z" finished-at="2015-11-23T13:11:02Z">
          <reporter-output>
          </reporter-output>
        </test-method> <!-- setUp -->
        <test-method status="SKIP" signature="tearDown()[pri:0, instance:com.quickride.scripts.RideScheduleTest@71623278]" name="tearDown" is-config="true" duration-ms="0" started-at="2015-11-23T13:11:02Z" finished-at="2015-11-23T13:11:02Z">
          <reporter-output>
          </reporter-output>
        </test-method> <!-- tearDown -->
        <test-method status="SKIP" signature="testRdrRejectsPassngr()[pri:0, instance:com.quickride.scripts.RideScheduleTest@71623278]" name="testRdrRejectsPassngr" duration-ms="1" started-at="2015-11-23T13:11:02Z" finished-at="2015-11-23T13:11:02Z">
          <reporter-output>
          </reporter-output>
        </test-method> <!-- testRdrRejectsPassngr -->
        <test-method status="SKIP" signature="setUp()[pri:0, instance:com.quickride.scripts.RideScheduleTest@71623278]" name="setUp" is-config="true" duration-ms="0" started-at="2015-11-23T13:11:02Z" finished-at="2015-11-23T13:11:02Z">
          <reporter-output>
          </reporter-output>
        </test-method> <!-- setUp -->
        <test-method status="SKIP" signature="tearDown()[pri:0, instance:com.quickride.scripts.RideScheduleTest@71623278]" name="tearDown" is-config="true" duration-ms="0" started-at="2015-11-23T13:11:02Z" finished-at="2015-11-23T13:11:02Z">
          <reporter-output>
          </reporter-output>
        </test-method> <!-- tearDown -->
        <test-method status="SKIP" signature="setUp()[pri:0, instance:com.quickride.scripts.RideScheduleTest@71623278]" name="setUp" is-config="true" duration-ms="0" started-at="2015-11-23T13:11:02Z" finished-at="2015-11-23T13:11:02Z">
          <reporter-output>
          </reporter-output>
        </test-method> <!-- setUp -->
        <test-method status="SKIP" signature="testUpcomingRequested()[pri:0, instance:com.quickride.scripts.RideScheduleTest@71623278]" name="testUpcomingRequested" duration-ms="0" started-at="2015-11-23T13:11:02Z" finished-at="2015-11-23T13:11:02Z">
          <reporter-output>
          </reporter-output>
        </test-method> <!-- testUpcomingRequested -->
        <test-method status="SKIP" signature="tearDown()[pri:0, instance:com.quickride.scripts.RideScheduleTest@71623278]" name="tearDown" is-config="true" duration-ms="0" started-at="2015-11-23T13:11:02Z" finished-at="2015-11-23T13:11:02Z">
          <reporter-output>
          </reporter-output>
        </test-method> <!-- tearDown -->
        <test-method status="SKIP" signature="testMyRidesFavourite()[pri:0, instance:com.quickride.scripts.RideScheduleTest@71623278]" name="testMyRidesFavourite" duration-ms="1" started-at="2015-11-23T13:11:02Z" finished-at="2015-11-23T13:11:02Z">
          <reporter-output>
          </reporter-output>
        </test-method> <!-- testMyRidesFavourite -->
        <test-method status="SKIP" signature="setUp()[pri:0, instance:com.quickride.scripts.RideScheduleTest@71623278]" name="setUp" is-config="true" duration-ms="0" started-at="2015-11-23T13:11:02Z" finished-at="2015-11-23T13:11:02Z">
          <reporter-output>
          </reporter-output>
        </test-method> <!-- setUp -->
        <test-method status="SKIP" signature="tearDown()[pri:0, instance:com.quickride.scripts.RideScheduleTest@71623278]" name="tearDown" is-config="true" duration-ms="0" started-at="2015-11-23T13:11:02Z" finished-at="2015-11-23T13:11:02Z">
          <reporter-output>
          </reporter-output>
        </test-method> <!-- tearDown -->
        <test-method status="SKIP" signature="setUp()[pri:0, instance:com.quickride.scripts.RideScheduleTest@71623278]" name="setUp" is-config="true" duration-ms="0" started-at="2015-11-23T13:11:02Z" finished-at="2015-11-23T13:11:02Z">
          <reporter-output>
          </reporter-output>
        </test-method> <!-- setUp -->
        <test-method status="SKIP" signature="tearDown()[pri:0, instance:com.quickride.scripts.RideScheduleTest@71623278]" name="tearDown" is-config="true" duration-ms="0" started-at="2015-11-23T13:11:02Z" finished-at="2015-11-23T13:11:02Z">
          <reporter-output>
          </reporter-output>
        </test-method> <!-- tearDown -->
        <test-method status="SKIP" signature="testSelectRide()[pri:0, instance:com.quickride.scripts.RideScheduleTest@71623278]" name="testSelectRide" duration-ms="0" started-at="2015-11-23T13:11:02Z" finished-at="2015-11-23T13:11:02Z">
          <reporter-output>
          </reporter-output>
        </test-method> <!-- testSelectRide -->
        <test-method status="SKIP" signature="setUp()[pri:0, instance:com.quickride.scripts.RideScheduleTest@71623278]" name="setUp" is-config="true" duration-ms="0" started-at="2015-11-23T13:11:02Z" finished-at="2015-11-23T13:11:02Z">
          <reporter-output>
          </reporter-output>
        </test-method> <!-- setUp -->
        <test-method status="SKIP" signature="testMoreCarCapacitySeats()[pri:0, instance:com.quickride.scripts.RideScheduleTest@71623278]" name="testMoreCarCapacitySeats" duration-ms="3" started-at="2015-11-23T13:11:02Z" finished-at="2015-11-23T13:11:02Z">
          <reporter-output>
          </reporter-output>
        </test-method> <!-- testMoreCarCapacitySeats -->
        <test-method status="SKIP" signature="tearDown()[pri:0, instance:com.quickride.scripts.RideScheduleTest@71623278]" name="tearDown" is-config="true" duration-ms="0" started-at="2015-11-23T13:11:02Z" finished-at="2015-11-23T13:11:02Z">
          <reporter-output>
          </reporter-output>
        </test-method> <!-- tearDown -->
        <test-method status="SKIP" signature="testCarCapacityCancelRide()[pri:0, instance:com.quickride.scripts.RideScheduleTest@71623278]" name="testCarCapacityCancelRide" duration-ms="1" started-at="2015-11-23T13:11:03Z" finished-at="2015-11-23T13:11:03Z">
          <reporter-output>
          </reporter-output>
        </test-method> <!-- testCarCapacityCancelRide -->
        <test-method status="SKIP" signature="setUp()[pri:0, instance:com.quickride.scripts.RideScheduleTest@71623278]" name="setUp" is-config="true" duration-ms="0" started-at="2015-11-23T13:11:03Z" finished-at="2015-11-23T13:11:03Z">
          <reporter-output>
          </reporter-output>
        </test-method> <!-- setUp -->
        <test-method status="SKIP" signature="tearDown()[pri:0, instance:com.quickride.scripts.RideScheduleTest@71623278]" name="tearDown" is-config="true" duration-ms="0" started-at="2015-11-23T13:11:03Z" finished-at="2015-11-23T13:11:03Z">
          <reporter-output>
          </reporter-output>
        </test-method> <!-- tearDown -->
      </class> <!-- com.quickride.scripts.RideScheduleTest -->
      <class name="com.quickride.scripts.RideMatchConstraintsTest">
        <test-method status="SKIP" signature="setUp()[pri:0, instance:com.quickride.scripts.RideMatchConstraintsTest@15b3e5b]" name="setUp" is-config="true" duration-ms="0" started-at="2015-11-23T13:11:02Z" finished-at="2015-11-23T13:11:02Z">
          <reporter-output>
          </reporter-output>
        </test-method> <!-- setUp -->
        <test-method status="SKIP" signature="testSameGender()[pri:0, instance:com.quickride.scripts.RideMatchConstraintsTest@15b3e5b]" name="testSameGender" duration-ms="0" started-at="2015-11-23T13:11:02Z" finished-at="2015-11-23T13:11:02Z">
          <reporter-output>
          </reporter-output>
        </test-method> <!-- testSameGender -->
        <test-method status="SKIP" signature="tearDown()[pri:0, instance:com.quickride.scripts.RideMatchConstraintsTest@15b3e5b]" name="tearDown" is-config="true" duration-ms="0" started-at="2015-11-23T13:11:02Z" finished-at="2015-11-23T13:11:02Z">
          <reporter-output>
          </reporter-output>
        </test-method> <!-- tearDown -->
        <test-method status="SKIP" signature="setUp()[pri:0, instance:com.quickride.scripts.RideMatchConstraintsTest@15b3e5b]" name="setUp" is-config="true" duration-ms="0" started-at="2015-11-23T13:11:02Z" finished-at="2015-11-23T13:11:02Z">
          <reporter-output>
          </reporter-output>
        </test-method> <!-- setUp -->
        <test-method status="SKIP" signature="testSameCompany()[pri:0, instance:com.quickride.scripts.RideMatchConstraintsTest@15b3e5b]" name="testSameCompany" duration-ms="0" started-at="2015-11-23T13:11:02Z" finished-at="2015-11-23T13:11:02Z">
          <reporter-output>
          </reporter-output>
        </test-method> <!-- testSameCompany -->
        <test-method status="SKIP" signature="tearDown()[pri:0, instance:com.quickride.scripts.RideMatchConstraintsTest@15b3e5b]" name="tearDown" is-config="true" duration-ms="0" started-at="2015-11-23T13:11:02Z" finished-at="2015-11-23T13:11:02Z">
          <reporter-output>
          </reporter-output>
        </test-method> <!-- tearDown -->
      </class> <!-- com.quickride.scripts.RideMatchConstraintsTest -->
      <class name="com.quickride.scripts.RechargeEncashTest">
        <test-method status="SKIP" signature="testRecharge()[pri:0, instance:com.quickride.scripts.RechargeEncashTest@7e9a5fbe]" name="testRecharge" duration-ms="1" started-at="2015-11-23T13:11:02Z" finished-at="2015-11-23T13:11:02Z">
          <reporter-output>
          </reporter-output>
        </test-method> <!-- testRecharge -->
        <test-method status="SKIP" signature="setUp()[pri:0, instance:com.quickride.scripts.RechargeEncashTest@7e9a5fbe]" name="setUp" is-config="true" duration-ms="0" started-at="2015-11-23T13:11:02Z" finished-at="2015-11-23T13:11:02Z">
          <reporter-output>
          </reporter-output>
        </test-method> <!-- setUp -->
        <test-method status="SKIP" signature="tearDown()[pri:0, instance:com.quickride.scripts.RechargeEncashTest@7e9a5fbe]" name="tearDown" is-config="true" duration-ms="0" started-at="2015-11-23T13:11:02Z" finished-at="2015-11-23T13:11:02Z">
          <reporter-output>
          </reporter-output>
        </test-method> <!-- tearDown -->
        <test-method status="SKIP" signature="setUp()[pri:0, instance:com.quickride.scripts.RechargeEncashTest@7e9a5fbe]" name="setUp" is-config="true" duration-ms="0" started-at="2015-11-23T13:11:02Z" finished-at="2015-11-23T13:11:02Z">
          <reporter-output>
          </reporter-output>
        </test-method> <!-- setUp -->
        <test-method status="SKIP" signature="testRechargeJoinRide()[pri:0, instance:com.quickride.scripts.RechargeEncashTest@7e9a5fbe]" name="testRechargeJoinRide" duration-ms="1" started-at="2015-11-23T13:11:02Z" finished-at="2015-11-23T13:11:02Z">
          <reporter-output>
          </reporter-output>
        </test-method> <!-- testRechargeJoinRide -->
        <test-method status="SKIP" signature="tearDown()[pri:0, instance:com.quickride.scripts.RechargeEncashTest@7e9a5fbe]" name="tearDown" is-config="true" duration-ms="0" started-at="2015-11-23T13:11:02Z" finished-at="2015-11-23T13:11:02Z">
          <reporter-output>
          </reporter-output>
        </test-method> <!-- tearDown -->
        <test-method status="SKIP" signature="setUp()[pri:0, instance:com.quickride.scripts.RechargeEncashTest@7e9a5fbe]" name="setUp" is-config="true" duration-ms="0" started-at="2015-11-23T13:11:02Z" finished-at="2015-11-23T13:11:02Z">
          <reporter-output>
          </reporter-output>
        </test-method> <!-- setUp -->
        <test-method status="SKIP" signature="testEncashAmountShareLater()[pri:0, instance:com.quickride.scripts.RechargeEncashTest@7e9a5fbe]" name="testEncashAmountShareLater" duration-ms="1" started-at="2015-11-23T13:11:02Z" finished-at="2015-11-23T13:11:02Z">
          <reporter-output>
          </reporter-output>
        </test-method> <!-- testEncashAmountShareLater -->
        <test-method status="SKIP" signature="tearDown()[pri:0, instance:com.quickride.scripts.RechargeEncashTest@7e9a5fbe]" name="tearDown" is-config="true" duration-ms="0" started-at="2015-11-23T13:11:02Z" finished-at="2015-11-23T13:11:02Z">
          <reporter-output>
          </reporter-output>
        </test-method> <!-- tearDown -->
        <test-method status="SKIP" signature="testEncashAmountShare()[pri:0, instance:com.quickride.scripts.RechargeEncashTest@7e9a5fbe]" name="testEncashAmountShare" duration-ms="1" started-at="2015-11-23T13:11:02Z" finished-at="2015-11-23T13:11:02Z">
          <reporter-output>
          </reporter-output>
        </test-method> <!-- testEncashAmountShare -->
        <test-method status="SKIP" signature="setUp()[pri:0, instance:com.quickride.scripts.RechargeEncashTest@7e9a5fbe]" name="setUp" is-config="true" duration-ms="0" started-at="2015-11-23T13:11:02Z" finished-at="2015-11-23T13:11:02Z">
          <reporter-output>
          </reporter-output>
        </test-method> <!-- setUp -->
        <test-method status="SKIP" signature="tearDown()[pri:0, instance:com.quickride.scripts.RechargeEncashTest@7e9a5fbe]" name="tearDown" is-config="true" duration-ms="0" started-at="2015-11-23T13:11:02Z" finished-at="2015-11-23T13:11:02Z">
          <reporter-output>
          </reporter-output>
        </test-method> <!-- tearDown -->
        <test-method status="SKIP" signature="setUp()[pri:0, instance:com.quickride.scripts.RechargeEncashTest@7e9a5fbe]" name="setUp" is-config="true" duration-ms="0" started-at="2015-11-23T13:11:02Z" finished-at="2015-11-23T13:11:02Z">
          <reporter-output>
          </reporter-output>
        </test-method> <!-- setUp -->
        <test-method status="SKIP" signature="testBillingCustomisedPricing()[pri:0, instance:com.quickride.scripts.RechargeEncashTest@7e9a5fbe]" name="testBillingCustomisedPricing" duration-ms="1" started-at="2015-11-23T13:11:02Z" finished-at="2015-11-23T13:11:02Z">
          <reporter-output>
          </reporter-output>
        </test-method> <!-- testBillingCustomisedPricing -->
        <test-method status="SKIP" signature="tearDown()[pri:0, instance:com.quickride.scripts.RechargeEncashTest@7e9a5fbe]" name="tearDown" is-config="true" duration-ms="0" started-at="2015-11-23T13:11:02Z" finished-at="2015-11-23T13:11:02Z">
          <reporter-output>
          </reporter-output>
        </test-method> <!-- tearDown -->
        <test-method status="SKIP" signature="setUp()[pri:0, instance:com.quickride.scripts.RechargeEncashTest@7e9a5fbe]" name="setUp" is-config="true" duration-ms="0" started-at="2015-11-23T13:11:02Z" finished-at="2015-11-23T13:11:02Z">
          <reporter-output>
          </reporter-output>
        </test-method> <!-- setUp -->
        <test-method status="SKIP" signature="testBillingZeroPricing()[pri:0, instance:com.quickride.scripts.RechargeEncashTest@7e9a5fbe]" name="testBillingZeroPricing" duration-ms="0" started-at="2015-11-23T13:11:02Z" finished-at="2015-11-23T13:11:02Z">
          <reporter-output>
          </reporter-output>
        </test-method> <!-- testBillingZeroPricing -->
        <test-method status="SKIP" signature="tearDown()[pri:0, instance:com.quickride.scripts.RechargeEncashTest@7e9a5fbe]" name="tearDown" is-config="true" duration-ms="0" started-at="2015-11-23T13:11:02Z" finished-at="2015-11-23T13:11:02Z">
          <reporter-output>
          </reporter-output>
        </test-method> <!-- tearDown -->
      </class> <!-- com.quickride.scripts.RechargeEncashTest -->
      <class name="com.quickride.scripts.NewUserRegTest">
        <test-method status="SKIP" signature="setUp()[pri:0, instance:com.quickride.scripts.NewUserRegTest@5a4041cc]" name="setUp" is-config="true" duration-ms="0" started-at="2015-11-23T13:11:02Z" finished-at="2015-11-23T13:11:02Z">
          <reporter-output>
          </reporter-output>
        </test-method> <!-- setUp -->
        <test-method status="SKIP" signature="testNewUserSignUP()[pri:0, instance:com.quickride.scripts.NewUserRegTest@5a4041cc]" name="testNewUserSignUP" duration-ms="0" started-at="2015-11-23T13:11:02Z" finished-at="2015-11-23T13:11:02Z">
          <reporter-output>
          </reporter-output>
        </test-method> <!-- testNewUserSignUP -->
        <test-method status="SKIP" signature="tearDown()[pri:0, instance:com.quickride.scripts.NewUserRegTest@5a4041cc]" name="tearDown" is-config="true" duration-ms="0" started-at="2015-11-23T13:11:02Z" finished-at="2015-11-23T13:11:02Z">
          <reporter-output>
          </reporter-output>
        </test-method> <!-- tearDown -->
        <test-method status="SKIP" signature="setUp()[pri:0, instance:com.quickride.scripts.NewUserRegTest@5a4041cc]" name="setUp" is-config="true" duration-ms="0" started-at="2015-11-23T13:11:02Z" finished-at="2015-11-23T13:11:02Z">
          <reporter-output>
          </reporter-output>
        </test-method> <!-- setUp -->
        <test-method status="SKIP" signature="testSignUpIncomplete()[pri:0, instance:com.quickride.scripts.NewUserRegTest@5a4041cc]" name="testSignUpIncomplete" duration-ms="1" started-at="2015-11-23T13:11:02Z" finished-at="2015-11-23T13:11:02Z">
          <reporter-output>
          </reporter-output>
        </test-method> <!-- testSignUpIncomplete -->
        <test-method status="SKIP" signature="tearDown()[pri:0, instance:com.quickride.scripts.NewUserRegTest@5a4041cc]" name="tearDown" is-config="true" duration-ms="0" started-at="2015-11-23T13:11:02Z" finished-at="2015-11-23T13:11:02Z">
          <reporter-output>
          </reporter-output>
        </test-method> <!-- tearDown -->
        <test-method status="SKIP" signature="setUp()[pri:0, instance:com.quickride.scripts.NewUserRegTest@5a4041cc]" name="setUp" is-config="true" duration-ms="0" started-at="2015-11-23T13:11:02Z" finished-at="2015-11-23T13:11:02Z">
          <reporter-output>
          </reporter-output>
        </test-method> <!-- setUp -->
        <test-method status="SKIP" signature="testSignUpErrCode()[pri:0, instance:com.quickride.scripts.NewUserRegTest@5a4041cc]" name="testSignUpErrCode" duration-ms="1" started-at="2015-11-23T13:11:02Z" finished-at="2015-11-23T13:11:02Z">
          <reporter-output>
          </reporter-output>
        </test-method> <!-- testSignUpErrCode -->
        <test-method status="SKIP" signature="tearDown()[pri:0, instance:com.quickride.scripts.NewUserRegTest@5a4041cc]" name="tearDown" is-config="true" duration-ms="0" started-at="2015-11-23T13:11:02Z" finished-at="2015-11-23T13:11:02Z">
          <reporter-output>
          </reporter-output>
        </test-method> <!-- tearDown -->
        <test-method status="SKIP" signature="setUp()[pri:0, instance:com.quickride.scripts.NewUserRegTest@5a4041cc]" name="setUp" is-config="true" duration-ms="0" started-at="2015-11-23T13:11:02Z" finished-at="2015-11-23T13:11:02Z">
          <reporter-output>
          </reporter-output>
        </test-method> <!-- setUp -->
        <test-method status="SKIP" signature="tearDown()[pri:0, instance:com.quickride.scripts.NewUserRegTest@5a4041cc]" name="tearDown" is-config="true" duration-ms="0" started-at="2015-11-23T13:11:02Z" finished-at="2015-11-23T13:11:02Z">
          <reporter-output>
          </reporter-output>
        </test-method> <!-- tearDown -->
        <test-method status="SKIP" signature="testSignUpSameUser()[pri:0, instance:com.quickride.scripts.NewUserRegTest@5a4041cc]" name="testSignUpSameUser" duration-ms="0" started-at="2015-11-23T13:11:02Z" finished-at="2015-11-23T13:11:02Z">
          <reporter-output>
          </reporter-output>
        </test-method> <!-- testSignUpSameUser -->
        <test-method status="SKIP" signature="testLogoutReLogin()[pri:0, instance:com.quickride.scripts.NewUserRegTest@5a4041cc]" name="testLogoutReLogin" duration-ms="0" started-at="2015-11-23T13:11:02Z" finished-at="2015-11-23T13:11:02Z">
          <reporter-output>
          </reporter-output>
        </test-method> <!-- testLogoutReLogin -->
        <test-method status="SKIP" signature="setUp()[pri:0, instance:com.quickride.scripts.NewUserRegTest@5a4041cc]" name="setUp" is-config="true" duration-ms="0" started-at="2015-11-23T13:11:02Z" finished-at="2015-11-23T13:11:02Z">
          <reporter-output>
          </reporter-output>
        </test-method> <!-- setUp -->
        <test-method status="SKIP" signature="tearDown()[pri:0, instance:com.quickride.scripts.NewUserRegTest@5a4041cc]" name="tearDown" is-config="true" duration-ms="0" started-at="2015-11-23T13:11:02Z" finished-at="2015-11-23T13:11:02Z">
          <reporter-output>
          </reporter-output>
        </test-method> <!-- tearDown -->
        <test-method status="SKIP" signature="setUp()[pri:0, instance:com.quickride.scripts.NewUserRegTest@5a4041cc]" name="setUp" is-config="true" duration-ms="0" started-at="2015-11-23T13:11:02Z" finished-at="2015-11-23T13:11:02Z">
          <reporter-output>
          </reporter-output>
        </test-method> <!-- setUp -->
        <test-method status="SKIP" signature="testLoginWrongPwd()[pri:0, instance:com.quickride.scripts.NewUserRegTest@5a4041cc]" name="testLoginWrongPwd" duration-ms="1" started-at="2015-11-23T13:11:02Z" finished-at="2015-11-23T13:11:02Z">
          <reporter-output>
          </reporter-output>
        </test-method> <!-- testLoginWrongPwd -->
        <test-method status="SKIP" signature="tearDown()[pri:0, instance:com.quickride.scripts.NewUserRegTest@5a4041cc]" name="tearDown" is-config="true" duration-ms="0" started-at="2015-11-23T13:11:02Z" finished-at="2015-11-23T13:11:02Z">
          <reporter-output>
          </reporter-output>
        </test-method> <!-- tearDown -->
        <test-method status="SKIP" signature="testCloseReOpenQR()[pri:0, instance:com.quickride.scripts.NewUserRegTest@5a4041cc]" name="testCloseReOpenQR" duration-ms="1" started-at="2015-11-23T13:11:02Z" finished-at="2015-11-23T13:11:02Z">
          <reporter-output>
          </reporter-output>
        </test-method> <!-- testCloseReOpenQR -->
        <test-method status="SKIP" signature="setUp()[pri:0, instance:com.quickride.scripts.NewUserRegTest@5a4041cc]" name="setUp" is-config="true" duration-ms="0" started-at="2015-11-23T13:11:02Z" finished-at="2015-11-23T13:11:02Z">
          <reporter-output>
          </reporter-output>
        </test-method> <!-- setUp -->
        <test-method status="SKIP" signature="tearDown()[pri:0, instance:com.quickride.scripts.NewUserRegTest@5a4041cc]" name="tearDown" is-config="true" duration-ms="0" started-at="2015-11-23T13:11:02Z" finished-at="2015-11-23T13:11:02Z">
          <reporter-output>
          </reporter-output>
        </test-method> <!-- tearDown -->
        <test-method status="SKIP" signature="setUp()[pri:0, instance:com.quickride.scripts.NewUserRegTest@5a4041cc]" name="setUp" is-config="true" duration-ms="0" started-at="2015-11-23T13:11:02Z" finished-at="2015-11-23T13:11:02Z">
          <reporter-output>
          </reporter-output>
        </test-method> <!-- setUp -->
        <test-method status="SKIP" signature="testNewUserSignUPProfile()[pri:0, instance:com.quickride.scripts.NewUserRegTest@5a4041cc]" name="testNewUserSignUPProfile" duration-ms="0" started-at="2015-11-23T13:11:02Z" finished-at="2015-11-23T13:11:02Z">
          <reporter-output>
          </reporter-output>
        </test-method> <!-- testNewUserSignUPProfile -->
        <test-method status="SKIP" signature="tearDown()[pri:0, instance:com.quickride.scripts.NewUserRegTest@5a4041cc]" name="tearDown" is-config="true" duration-ms="0" started-at="2015-11-23T13:11:02Z" finished-at="2015-11-23T13:11:02Z">
          <reporter-output>
          </reporter-output>
        </test-method> <!-- tearDown -->
        <test-method status="SKIP" signature="setUp()[pri:0, instance:com.quickride.scripts.NewUserRegTest@5a4041cc]" name="setUp" is-config="true" duration-ms="0" started-at="2015-11-23T13:11:03Z" finished-at="2015-11-23T13:11:03Z">
          <reporter-output>
          </reporter-output>
        </test-method> <!-- setUp -->
        <test-method status="SKIP" signature="testLogoutNoVerifyQuickRide()[pri:0, instance:com.quickride.scripts.NewUserRegTest@5a4041cc]" name="testLogoutNoVerifyQuickRide" duration-ms="0" started-at="2015-11-23T13:11:03Z" finished-at="2015-11-23T13:11:03Z">
          <reporter-output>
          </reporter-output>
        </test-method> <!-- testLogoutNoVerifyQuickRide -->
        <test-method status="SKIP" signature="tearDown()[pri:0, instance:com.quickride.scripts.NewUserRegTest@5a4041cc]" name="tearDown" is-config="true" duration-ms="0" started-at="2015-11-23T13:11:03Z" finished-at="2015-11-23T13:11:03Z">
          <reporter-output>
          </reporter-output>
        </test-method> <!-- tearDown -->
      </class> <!-- com.quickride.scripts.NewUserRegTest -->
      <class name="com.quickride.scripts.NotificationsTest">
        <test-method status="SKIP" signature="setUp()[pri:0, instance:com.quickride.scripts.NotificationsTest@6d3af739]" name="setUp" is-config="true" duration-ms="0" started-at="2015-11-23T13:11:02Z" finished-at="2015-11-23T13:11:02Z">
          <reporter-output>
          </reporter-output>
        </test-method> <!-- setUp -->
        <test-method status="SKIP" signature="testRiderPassengerJoinNoti()[pri:0, instance:com.quickride.scripts.NotificationsTest@6d3af739]" name="testRiderPassengerJoinNoti" duration-ms="1" started-at="2015-11-23T13:11:02Z" finished-at="2015-11-23T13:11:02Z">
          <reporter-output>
          </reporter-output>
        </test-method> <!-- testRiderPassengerJoinNoti -->
        <test-method status="SKIP" signature="tearDown()[pri:0, instance:com.quickride.scripts.NotificationsTest@6d3af739]" name="tearDown" is-config="true" duration-ms="0" started-at="2015-11-23T13:11:02Z" finished-at="2015-11-23T13:11:02Z">
          <reporter-output>
          </reporter-output>
        </test-method> <!-- tearDown -->
        <test-method status="SKIP" signature="setUp()[pri:0, instance:com.quickride.scripts.NotificationsTest@6d3af739]" name="setUp" is-config="true" duration-ms="0" started-at="2015-11-23T13:11:02Z" finished-at="2015-11-23T13:11:02Z">
          <reporter-output>
          </reporter-output>
        </test-method> <!-- setUp -->
        <test-method status="SKIP" signature="testRiderStartedNoti()[pri:0, instance:com.quickride.scripts.NotificationsTest@6d3af739]" name="testRiderStartedNoti" duration-ms="0" started-at="2015-11-23T13:11:02Z" finished-at="2015-11-23T13:11:02Z">
          <reporter-output>
          </reporter-output>
        </test-method> <!-- testRiderStartedNoti -->
        <test-method status="SKIP" signature="tearDown()[pri:0, instance:com.quickride.scripts.NotificationsTest@6d3af739]" name="tearDown" is-config="true" duration-ms="0" started-at="2015-11-23T13:11:02Z" finished-at="2015-11-23T13:11:02Z">
          <reporter-output>
          </reporter-output>
        </test-method> <!-- tearDown -->
        <test-method status="SKIP" signature="testRiderStartedCancelled()[pri:0, instance:com.quickride.scripts.NotificationsTest@6d3af739]" name="testRiderStartedCancelled" duration-ms="1" started-at="2015-11-23T13:11:02Z" finished-at="2015-11-23T13:11:02Z">
          <reporter-output>
          </reporter-output>
        </test-method> <!-- testRiderStartedCancelled -->
        <test-method status="SKIP" signature="setUp()[pri:0, instance:com.quickride.scripts.NotificationsTest@6d3af739]" name="setUp" is-config="true" duration-ms="0" started-at="2015-11-23T13:11:02Z" finished-at="2015-11-23T13:11:02Z">
          <reporter-output>
          </reporter-output>
        </test-method> <!-- setUp -->
        <test-method status="SKIP" signature="tearDown()[pri:0, instance:com.quickride.scripts.NotificationsTest@6d3af739]" name="tearDown" is-config="true" duration-ms="0" started-at="2015-11-23T13:11:02Z" finished-at="2015-11-23T13:11:02Z">
          <reporter-output>
          </reporter-output>
        </test-method> <!-- tearDown -->
        <test-method status="SKIP" signature="setUp()[pri:0, instance:com.quickride.scripts.NotificationsTest@6d3af739]" name="setUp" is-config="true" duration-ms="0" started-at="2015-11-23T13:11:02Z" finished-at="2015-11-23T13:11:02Z">
          <reporter-output>
          </reporter-output>
        </test-method> <!-- setUp -->
        <test-method status="SKIP" signature="testPassengerJoinsCancels()[pri:0, instance:com.quickride.scripts.NotificationsTest@6d3af739]" name="testPassengerJoinsCancels" duration-ms="0" started-at="2015-11-23T13:11:02Z" finished-at="2015-11-23T13:11:02Z">
          <reporter-output>
          </reporter-output>
        </test-method> <!-- testPassengerJoinsCancels -->
        <test-method status="SKIP" signature="tearDown()[pri:0, instance:com.quickride.scripts.NotificationsTest@6d3af739]" name="tearDown" is-config="true" duration-ms="0" started-at="2015-11-23T13:11:02Z" finished-at="2015-11-23T13:11:02Z">
          <reporter-output>
          </reporter-output>
        </test-method> <!-- tearDown -->
        <test-method status="SKIP" signature="setUp()[pri:0, instance:com.quickride.scripts.NotificationsTest@6d3af739]" name="setUp" is-config="true" duration-ms="0" started-at="2015-11-23T13:11:02Z" finished-at="2015-11-23T13:11:02Z">
          <reporter-output>
          </reporter-output>
        </test-method> <!-- setUp -->
        <test-method status="SKIP" signature="testRideNotiPassengerJoinsCancels()[pri:0, instance:com.quickride.scripts.NotificationsTest@6d3af739]" name="testRideNotiPassengerJoinsCancels" duration-ms="0" started-at="2015-11-23T13:11:02Z" finished-at="2015-11-23T13:11:02Z">
          <reporter-output>
          </reporter-output>
        </test-method> <!-- testRideNotiPassengerJoinsCancels -->
        <test-method status="SKIP" signature="tearDown()[pri:0, instance:com.quickride.scripts.NotificationsTest@6d3af739]" name="tearDown" is-config="true" duration-ms="0" started-at="2015-11-23T13:11:02Z" finished-at="2015-11-23T13:11:02Z">
          <reporter-output>
          </reporter-output>
        </test-method> <!-- tearDown -->
        <test-method status="SKIP" signature="testNotiPassengerJoinsCancelsAfterStart()[pri:0, instance:com.quickride.scripts.NotificationsTest@6d3af739]" name="testNotiPassengerJoinsCancelsAfterStart" duration-ms="1" started-at="2015-11-23T13:11:02Z" finished-at="2015-11-23T13:11:02Z">
          <reporter-output>
          </reporter-output>
        </test-method> <!-- testNotiPassengerJoinsCancelsAfterStart -->
        <test-method status="SKIP" signature="setUp()[pri:0, instance:com.quickride.scripts.NotificationsTest@6d3af739]" name="setUp" is-config="true" duration-ms="0" started-at="2015-11-23T13:11:02Z" finished-at="2015-11-23T13:11:02Z">
          <reporter-output>
          </reporter-output>
        </test-method> <!-- setUp -->
        <test-method status="SKIP" signature="tearDown()[pri:0, instance:com.quickride.scripts.NotificationsTest@6d3af739]" name="tearDown" is-config="true" duration-ms="0" started-at="2015-11-23T13:11:02Z" finished-at="2015-11-23T13:11:02Z">
          <reporter-output>
          </reporter-output>
        </test-method> <!-- tearDown -->
        <test-method status="SKIP" signature="setUp()[pri:0, instance:com.quickride.scripts.NotificationsTest@6d3af739]" name="setUp" is-config="true" duration-ms="0" started-at="2015-11-23T13:11:02Z" finished-at="2015-11-23T13:11:02Z">
          <reporter-output>
          </reporter-output>
        </test-method> <!-- setUp -->
        <test-method status="SKIP" signature="testNotiDeletedLongPress()[pri:0, instance:com.quickride.scripts.NotificationsTest@6d3af739]" name="testNotiDeletedLongPress" duration-ms="0" started-at="2015-11-23T13:11:02Z" finished-at="2015-11-23T13:11:02Z">
          <reporter-output>
          </reporter-output>
        </test-method> <!-- testNotiDeletedLongPress -->
        <test-method status="SKIP" signature="tearDown()[pri:0, instance:com.quickride.scripts.NotificationsTest@6d3af739]" name="tearDown" is-config="true" duration-ms="0" started-at="2015-11-23T13:11:02Z" finished-at="2015-11-23T13:11:02Z">
          <reporter-output>
          </reporter-output>
        </test-method> <!-- tearDown -->
        <test-method status="SKIP" signature="setUp()[pri:0, instance:com.quickride.scripts.NotificationsTest@6d3af739]" name="setUp" is-config="true" duration-ms="0" started-at="2015-11-23T13:11:02Z" finished-at="2015-11-23T13:11:02Z">
          <reporter-output>
          </reporter-output>
        </test-method> <!-- setUp -->
        <test-method status="SKIP" signature="testNotiDeleteBySwipe()[pri:0, instance:com.quickride.scripts.NotificationsTest@6d3af739]" name="testNotiDeleteBySwipe" duration-ms="0" started-at="2015-11-23T13:11:02Z" finished-at="2015-11-23T13:11:02Z">
          <reporter-output>
          </reporter-output>
        </test-method> <!-- testNotiDeleteBySwipe -->
        <test-method status="SKIP" signature="tearDown()[pri:0, instance:com.quickride.scripts.NotificationsTest@6d3af739]" name="tearDown" is-config="true" duration-ms="0" started-at="2015-11-23T13:11:02Z" finished-at="2015-11-23T13:11:02Z">
          <reporter-output>
          </reporter-output>
        </test-method> <!-- tearDown -->
        <test-method status="SKIP" signature="setUp()[pri:0, instance:com.quickride.scripts.NotificationsTest@6d3af739]" name="setUp" is-config="true" duration-ms="0" started-at="2015-11-23T13:11:03Z" finished-at="2015-11-23T13:11:03Z">
          <reporter-output>
          </reporter-output>
        </test-method> <!-- setUp -->
        <test-method status="SKIP" signature="testNotiReject()[pri:0, instance:com.quickride.scripts.NotificationsTest@6d3af739]" name="testNotiReject" duration-ms="0" started-at="2015-11-23T13:11:03Z" finished-at="2015-11-23T13:11:03Z">
          <reporter-output>
          </reporter-output>
        </test-method> <!-- testNotiReject -->
        <test-method status="SKIP" signature="tearDown()[pri:0, instance:com.quickride.scripts.NotificationsTest@6d3af739]" name="tearDown" is-config="true" duration-ms="0" started-at="2015-11-23T13:11:03Z" finished-at="2015-11-23T13:11:03Z">
          <reporter-output>
          </reporter-output>
        </test-method> <!-- tearDown -->
        <test-method status="SKIP" signature="setUp()[pri:0, instance:com.quickride.scripts.NotificationsTest@6d3af739]" name="setUp" is-config="true" duration-ms="0" started-at="2015-11-23T13:11:03Z" finished-at="2015-11-23T13:11:03Z">
          <reporter-output>
          </reporter-output>
        </test-method> <!-- setUp -->
        <test-method status="SKIP" signature="testNotiProfile()[pri:0, instance:com.quickride.scripts.NotificationsTest@6d3af739]" name="testNotiProfile" duration-ms="0" started-at="2015-11-23T13:11:03Z" finished-at="2015-11-23T13:11:03Z">
          <reporter-output>
          </reporter-output>
        </test-method> <!-- testNotiProfile -->
        <test-method status="SKIP" signature="tearDown()[pri:0, instance:com.quickride.scripts.NotificationsTest@6d3af739]" name="tearDown" is-config="true" duration-ms="0" started-at="2015-11-23T13:11:03Z" finished-at="2015-11-23T13:11:03Z">
          <reporter-output>
          </reporter-output>
        </test-method> <!-- tearDown -->
        <test-method status="SKIP" signature="setUp()[pri:0, instance:com.quickride.scripts.NotificationsTest@6d3af739]" name="setUp" is-config="true" duration-ms="0" started-at="2015-11-23T13:11:03Z" finished-at="2015-11-23T13:11:03Z">
          <reporter-output>
          </reporter-output>
        </test-method> <!-- setUp -->
        <test-method status="SKIP" signature="testNotiCountTxt()[pri:0, instance:com.quickride.scripts.NotificationsTest@6d3af739]" name="testNotiCountTxt" duration-ms="0" started-at="2015-11-23T13:11:03Z" finished-at="2015-11-23T13:11:03Z">
          <reporter-output>
          </reporter-output>
        </test-method> <!-- testNotiCountTxt -->
        <test-method status="SKIP" signature="tearDown()[pri:0, instance:com.quickride.scripts.NotificationsTest@6d3af739]" name="tearDown" is-config="true" duration-ms="0" started-at="2015-11-23T13:11:03Z" finished-at="2015-11-23T13:11:03Z">
          <reporter-output>
          </reporter-output>
        </test-method> <!-- tearDown -->
      </class> <!-- com.quickride.scripts.NotificationsTest -->
      <class name="com.quickride.scripts.RidesTest">
        <test-method status="PASS" signature="setobjects()[pri:0, instance:com.quickride.scripts.RidesTest@fe18270]" name="setobjects" is-config="true" duration-ms="18" started-at="2015-11-23T13:11:01Z" finished-at="2015-11-23T13:11:01Z">
          <reporter-output>
          </reporter-output>
        </test-method> <!-- setobjects -->
        <test-method status="SKIP" signature="setUp()[pri:0, instance:com.quickride.scripts.RidesTest@fe18270]" name="setUp" is-config="true" duration-ms="0" started-at="2015-11-23T13:11:02Z" finished-at="2015-11-23T13:11:02Z">
          <reporter-output>
          </reporter-output>
        </test-method> <!-- setUp -->
        <test-method status="SKIP" signature="testScheduledStatusRider()[pri:0, instance:com.quickride.scripts.RidesTest@fe18270]" name="testScheduledStatusRider" duration-ms="0" started-at="2015-11-23T13:11:02Z" finished-at="2015-11-23T13:11:02Z">
          <reporter-output>
          </reporter-output>
        </test-method> <!-- testScheduledStatusRider -->
        <test-method status="SKIP" signature="tearDown()[pri:0, instance:com.quickride.scripts.RidesTest@fe18270]" name="tearDown" is-config="true" duration-ms="0" started-at="2015-11-23T13:11:02Z" finished-at="2015-11-23T13:11:02Z">
          <reporter-output>
          </reporter-output>
        </test-method> <!-- tearDown -->
        <test-method status="SKIP" signature="testScheduledStatusPassenger()[pri:0, instance:com.quickride.scripts.RidesTest@fe18270]" name="testScheduledStatusPassenger" duration-ms="1" started-at="2015-11-23T13:11:02Z" finished-at="2015-11-23T13:11:02Z">
          <reporter-output>
          </reporter-output>
        </test-method> <!-- testScheduledStatusPassenger -->
        <test-method status="SKIP" signature="setUp()[pri:0, instance:com.quickride.scripts.RidesTest@fe18270]" name="setUp" is-config="true" duration-ms="0" started-at="2015-11-23T13:11:02Z" finished-at="2015-11-23T13:11:02Z">
          <reporter-output>
          </reporter-output>
        </test-method> <!-- setUp -->
        <test-method status="SKIP" signature="tearDown()[pri:0, instance:com.quickride.scripts.RidesTest@fe18270]" name="tearDown" is-config="true" duration-ms="0" started-at="2015-11-23T13:11:02Z" finished-at="2015-11-23T13:11:02Z">
          <reporter-output>
          </reporter-output>
        </test-method> <!-- tearDown -->
        <test-method status="SKIP" signature="testStartedStatusRider()[pri:0, instance:com.quickride.scripts.RidesTest@fe18270]" name="testStartedStatusRider" duration-ms="1" started-at="2015-11-23T13:11:02Z" finished-at="2015-11-23T13:11:02Z">
          <reporter-output>
          </reporter-output>
        </test-method> <!-- testStartedStatusRider -->
        <test-method status="SKIP" signature="setUp()[pri:0, instance:com.quickride.scripts.RidesTest@fe18270]" name="setUp" is-config="true" duration-ms="0" started-at="2015-11-23T13:11:02Z" finished-at="2015-11-23T13:11:02Z">
          <reporter-output>
          </reporter-output>
        </test-method> <!-- setUp -->
        <test-method status="SKIP" signature="tearDown()[pri:0, instance:com.quickride.scripts.RidesTest@fe18270]" name="tearDown" is-config="true" duration-ms="0" started-at="2015-11-23T13:11:02Z" finished-at="2015-11-23T13:11:02Z">
          <reporter-output>
          </reporter-output>
        </test-method> <!-- tearDown -->
        <test-method status="SKIP" signature="setUp()[pri:0, instance:com.quickride.scripts.RidesTest@fe18270]" name="setUp" is-config="true" duration-ms="0" started-at="2015-11-23T13:11:02Z" finished-at="2015-11-23T13:11:02Z">
          <reporter-output>
          </reporter-output>
        </test-method> <!-- setUp -->
        <test-method status="SKIP" signature="testStartedStatusPassenger()[pri:0, instance:com.quickride.scripts.RidesTest@fe18270]" name="testStartedStatusPassenger" duration-ms="1" started-at="2015-11-23T13:11:02Z" finished-at="2015-11-23T13:11:02Z">
          <reporter-output>
          </reporter-output>
        </test-method> <!-- testStartedStatusPassenger -->
        <test-method status="SKIP" signature="tearDown()[pri:0, instance:com.quickride.scripts.RidesTest@fe18270]" name="tearDown" is-config="true" duration-ms="0" started-at="2015-11-23T13:11:02Z" finished-at="2015-11-23T13:11:02Z">
          <reporter-output>
          </reporter-output>
        </test-method> <!-- tearDown -->
        <test-method status="SKIP" signature="setUp()[pri:0, instance:com.quickride.scripts.RidesTest@fe18270]" name="setUp" is-config="true" duration-ms="0" started-at="2015-11-23T13:11:02Z" finished-at="2015-11-23T13:11:02Z">
          <reporter-output>
          </reporter-output>
        </test-method> <!-- setUp -->
        <test-method status="SKIP" signature="testRequestedStatusRider()[pri:0, instance:com.quickride.scripts.RidesTest@fe18270]" name="testRequestedStatusRider" duration-ms="3" started-at="2015-11-23T13:11:02Z" finished-at="2015-11-23T13:11:02Z">
          <reporter-output>
          </reporter-output>
        </test-method> <!-- testRequestedStatusRider -->
        <test-method status="SKIP" signature="tearDown()[pri:0, instance:com.quickride.scripts.RidesTest@fe18270]" name="tearDown" is-config="true" duration-ms="0" started-at="2015-11-23T13:11:02Z" finished-at="2015-11-23T13:11:02Z">
          <reporter-output>
          </reporter-output>
        </test-method> <!-- tearDown -->
        <test-method status="SKIP" signature="testRequestedStatusPassenger()[pri:0, instance:com.quickride.scripts.RidesTest@fe18270]" name="testRequestedStatusPassenger" duration-ms="1" started-at="2015-11-23T13:11:02Z" finished-at="2015-11-23T13:11:02Z">
          <reporter-output>
          </reporter-output>
        </test-method> <!-- testRequestedStatusPassenger -->
        <test-method status="SKIP" signature="setUp()[pri:0, instance:com.quickride.scripts.RidesTest@fe18270]" name="setUp" is-config="true" duration-ms="0" started-at="2015-11-23T13:11:02Z" finished-at="2015-11-23T13:11:02Z">
          <reporter-output>
          </reporter-output>
        </test-method> <!-- setUp -->
        <test-method status="SKIP" signature="tearDown()[pri:0, instance:com.quickride.scripts.RidesTest@fe18270]" name="tearDown" is-config="true" duration-ms="0" started-at="2015-11-23T13:11:02Z" finished-at="2015-11-23T13:11:02Z">
          <reporter-output>
          </reporter-output>
        </test-method> <!-- tearDown -->
        <test-method status="SKIP" signature="testCompletedStatusRider()[pri:0, instance:com.quickride.scripts.RidesTest@fe18270]" name="testCompletedStatusRider" duration-ms="1" started-at="2015-11-23T13:11:02Z" finished-at="2015-11-23T13:11:02Z">
          <reporter-output>
          </reporter-output>
        </test-method> <!-- testCompletedStatusRider -->
        <test-method status="SKIP" signature="setUp()[pri:0, instance:com.quickride.scripts.RidesTest@fe18270]" name="setUp" is-config="true" duration-ms="0" started-at="2015-11-23T13:11:02Z" finished-at="2015-11-23T13:11:02Z">
          <reporter-output>
          </reporter-output>
        </test-method> <!-- setUp -->
        <test-method status="SKIP" signature="tearDown()[pri:0, instance:com.quickride.scripts.RidesTest@fe18270]" name="tearDown" is-config="true" duration-ms="0" started-at="2015-11-23T13:11:02Z" finished-at="2015-11-23T13:11:02Z">
          <reporter-output>
          </reporter-output>
        </test-method> <!-- tearDown -->
        <test-method status="SKIP" signature="setUp()[pri:0, instance:com.quickride.scripts.RidesTest@fe18270]" name="setUp" is-config="true" duration-ms="0" started-at="2015-11-23T13:11:02Z" finished-at="2015-11-23T13:11:02Z">
          <reporter-output>
          </reporter-output>
        </test-method> <!-- setUp -->
        <test-method status="SKIP" signature="testCompletedStatusPassenger()[pri:0, instance:com.quickride.scripts.RidesTest@fe18270]" name="testCompletedStatusPassenger" duration-ms="0" started-at="2015-11-23T13:11:02Z" finished-at="2015-11-23T13:11:02Z">
          <reporter-output>
          </reporter-output>
        </test-method> <!-- testCompletedStatusPassenger -->
        <test-method status="SKIP" signature="tearDown()[pri:0, instance:com.quickride.scripts.RidesTest@fe18270]" name="tearDown" is-config="true" duration-ms="0" started-at="2015-11-23T13:11:02Z" finished-at="2015-11-23T13:11:02Z">
          <reporter-output>
          </reporter-output>
        </test-method> <!-- tearDown -->
        <test-method status="SKIP" signature="setUp()[pri:0, instance:com.quickride.scripts.RidesTest@fe18270]" name="setUp" is-config="true" duration-ms="0" started-at="2015-11-23T13:11:03Z" finished-at="2015-11-23T13:11:03Z">
          <reporter-output>
          </reporter-output>
        </test-method> <!-- setUp -->
        <test-method status="SKIP" signature="testCancelledStsRider()[pri:0, instance:com.quickride.scripts.RidesTest@fe18270]" name="testCancelledStsRider" duration-ms="1" started-at="2015-11-23T13:11:03Z" finished-at="2015-11-23T13:11:03Z">
          <reporter-output>
          </reporter-output>
        </test-method> <!-- testCancelledStsRider -->
        <test-method status="SKIP" signature="tearDown()[pri:0, instance:com.quickride.scripts.RidesTest@fe18270]" name="tearDown" is-config="true" duration-ms="0" started-at="2015-11-23T13:11:03Z" finished-at="2015-11-23T13:11:03Z">
          <reporter-output>
          </reporter-output>
        </test-method> <!-- tearDown -->
        <test-method status="SKIP" signature="testCancelledStsPassenger()[pri:0, instance:com.quickride.scripts.RidesTest@fe18270]" name="testCancelledStsPassenger" duration-ms="0" started-at="2015-11-23T13:11:03Z" finished-at="2015-11-23T13:11:03Z">
          <reporter-output>
          </reporter-output>
        </test-method> <!-- testCancelledStsPassenger -->
        <test-method status="SKIP" signature="setUp()[pri:0, instance:com.quickride.scripts.RidesTest@fe18270]" name="setUp" is-config="true" duration-ms="0" started-at="2015-11-23T13:11:03Z" finished-at="2015-11-23T13:11:03Z">
          <reporter-output>
          </reporter-output>
        </test-method> <!-- setUp -->
        <test-method status="SKIP" signature="tearDown()[pri:0, instance:com.quickride.scripts.RidesTest@fe18270]" name="tearDown" is-config="true" duration-ms="0" started-at="2015-11-23T13:11:03Z" finished-at="2015-11-23T13:11:03Z">
          <reporter-output>
          </reporter-output>
        </test-method> <!-- tearDown -->
        <test-method status="SKIP" signature="testPassengerCancelStatus()[pri:0, instance:com.quickride.scripts.RidesTest@fe18270]" name="testPassengerCancelStatus" duration-ms="1" started-at="2015-11-23T13:11:03Z" finished-at="2015-11-23T13:11:03Z">
          <reporter-output>
          </reporter-output>
        </test-method> <!-- testPassengerCancelStatus -->
        <test-method status="SKIP" signature="setUp()[pri:0, instance:com.quickride.scripts.RidesTest@fe18270]" name="setUp" is-config="true" duration-ms="0" started-at="2015-11-23T13:11:03Z" finished-at="2015-11-23T13:11:03Z">
          <reporter-output>
          </reporter-output>
        </test-method> <!-- setUp -->
        <test-method status="SKIP" signature="tearDown()[pri:0, instance:com.quickride.scripts.RidesTest@fe18270]" name="tearDown" is-config="true" duration-ms="0" started-at="2015-11-23T13:11:03Z" finished-at="2015-11-23T13:11:03Z">
          <reporter-output>
          </reporter-output>
        </test-method> <!-- tearDown -->
        <test-method status="SKIP" signature="tearDown()[pri:0, instance:com.quickride.scripts.RidesTest@fe18270]" name="tearDown" is-config="true" duration-ms="0" started-at="2015-11-23T13:11:03Z" finished-at="2015-11-23T13:11:03Z">
          <reporter-output>
          </reporter-output>
        </test-method> <!-- tearDown -->
        <test-method status="SKIP" signature="testRiderAcceptsPassengerCancelsSts()[pri:0, instance:com.quickride.scripts.RidesTest@fe18270]" name="testRiderAcceptsPassengerCancelsSts" duration-ms="0" started-at="2015-11-23T13:11:03Z" finished-at="2015-11-23T13:11:03Z">
          <reporter-output>
          </reporter-output>
        </test-method> <!-- testRiderAcceptsPassengerCancelsSts -->
        <test-method status="SKIP" signature="setUp()[pri:0, instance:com.quickride.scripts.RidesTest@fe18270]" name="setUp" is-config="true" duration-ms="0" started-at="2015-11-23T13:11:03Z" finished-at="2015-11-23T13:11:03Z">
          <reporter-output>
          </reporter-output>
        </test-method> <!-- setUp -->
      </class> <!-- com.quickride.scripts.RidesTest -->
      <class name="com.quickride.scripts.RideViewTest">
        <test-method status="SKIP" signature="setUp()[pri:0, instance:com.quickride.scripts.RideViewTest@1da51a35]" name="setUp" is-config="true" duration-ms="0" started-at="2015-11-23T13:11:02Z" finished-at="2015-11-23T13:11:02Z">
          <reporter-output>
          </reporter-output>
        </test-method> <!-- setUp -->
        <test-method status="SKIP" signature="testCreateMultipleRiders()[pri:0, instance:com.quickride.scripts.RideViewTest@1da51a35]" name="testCreateMultipleRiders" duration-ms="0" started-at="2015-11-23T13:11:02Z" finished-at="2015-11-23T13:11:02Z">
          <reporter-output>
          </reporter-output>
        </test-method> <!-- testCreateMultipleRiders -->
        <test-method status="SKIP" signature="tearDown()[pri:0, instance:com.quickride.scripts.RideViewTest@1da51a35]" name="tearDown" is-config="true" duration-ms="0" started-at="2015-11-23T13:11:02Z" finished-at="2015-11-23T13:11:02Z">
          <reporter-output>
          </reporter-output>
        </test-method> <!-- tearDown -->
        <test-method status="SKIP" signature="setUp()[pri:0, instance:com.quickride.scripts.RideViewTest@1da51a35]" name="setUp" is-config="true" duration-ms="0" started-at="2015-11-23T13:11:02Z" finished-at="2015-11-23T13:11:02Z">
          <reporter-output>
          </reporter-output>
        </test-method> <!-- setUp -->
        <test-method status="SKIP" signature="testStartRide()[pri:0, instance:com.quickride.scripts.RideViewTest@1da51a35]" name="testStartRide" duration-ms="1" started-at="2015-11-23T13:11:02Z" finished-at="2015-11-23T13:11:02Z">
          <reporter-output>
          </reporter-output>
        </test-method> <!-- testStartRide -->
        <test-method status="SKIP" signature="tearDown()[pri:0, instance:com.quickride.scripts.RideViewTest@1da51a35]" name="tearDown" is-config="true" duration-ms="0" started-at="2015-11-23T13:11:02Z" finished-at="2015-11-23T13:11:02Z">
          <reporter-output>
          </reporter-output>
        </test-method> <!-- tearDown -->
        <test-method status="SKIP" signature="setUp()[pri:0, instance:com.quickride.scripts.RideViewTest@1da51a35]" name="setUp" is-config="true" duration-ms="0" started-at="2015-11-23T13:11:02Z" finished-at="2015-11-23T13:11:02Z">
          <reporter-output>
          </reporter-output>
        </test-method> <!-- setUp -->
        <test-method status="SKIP" signature="testPassengerCheckIn()[pri:0, instance:com.quickride.scripts.RideViewTest@1da51a35]" name="testPassengerCheckIn" duration-ms="1" started-at="2015-11-23T13:11:02Z" finished-at="2015-11-23T13:11:02Z">
          <reporter-output>
          </reporter-output>
        </test-method> <!-- testPassengerCheckIn -->
        <test-method status="SKIP" signature="tearDown()[pri:0, instance:com.quickride.scripts.RideViewTest@1da51a35]" name="tearDown" is-config="true" duration-ms="0" started-at="2015-11-23T13:11:02Z" finished-at="2015-11-23T13:11:02Z">
          <reporter-output>
          </reporter-output>
        </test-method> <!-- tearDown -->
        <test-method status="SKIP" signature="setUp()[pri:0, instance:com.quickride.scripts.RideViewTest@1da51a35]" name="setUp" is-config="true" duration-ms="0" started-at="2015-11-23T13:11:02Z" finished-at="2015-11-23T13:11:02Z">
          <reporter-output>
          </reporter-output>
        </test-method> <!-- setUp -->
        <test-method status="SKIP" signature="testPassengerCheckOut()[pri:0, instance:com.quickride.scripts.RideViewTest@1da51a35]" name="testPassengerCheckOut" duration-ms="0" started-at="2015-11-23T13:11:02Z" finished-at="2015-11-23T13:11:02Z">
          <reporter-output>
          </reporter-output>
        </test-method> <!-- testPassengerCheckOut -->
        <test-method status="SKIP" signature="tearDown()[pri:0, instance:com.quickride.scripts.RideViewTest@1da51a35]" name="tearDown" is-config="true" duration-ms="0" started-at="2015-11-23T13:11:02Z" finished-at="2015-11-23T13:11:02Z">
          <reporter-output>
          </reporter-output>
        </test-method> <!-- tearDown -->
        <test-method status="SKIP" signature="setUp()[pri:0, instance:com.quickride.scripts.RideViewTest@1da51a35]" name="setUp" is-config="true" duration-ms="0" started-at="2015-11-23T13:11:02Z" finished-at="2015-11-23T13:11:02Z">
          <reporter-output>
          </reporter-output>
        </test-method> <!-- setUp -->
        <test-method status="SKIP" signature="testRiderStopRide()[pri:0, instance:com.quickride.scripts.RideViewTest@1da51a35]" name="testRiderStopRide" duration-ms="2" started-at="2015-11-23T13:11:02Z" finished-at="2015-11-23T13:11:02Z">
          <reporter-output>
          </reporter-output>
        </test-method> <!-- testRiderStopRide -->
        <test-method status="SKIP" signature="tearDown()[pri:0, instance:com.quickride.scripts.RideViewTest@1da51a35]" name="tearDown" is-config="true" duration-ms="0" started-at="2015-11-23T13:11:02Z" finished-at="2015-11-23T13:11:02Z">
          <reporter-output>
          </reporter-output>
        </test-method> <!-- tearDown -->
        <test-method status="SKIP" signature="setUp()[pri:0, instance:com.quickride.scripts.RideViewTest@1da51a35]" name="setUp" is-config="true" duration-ms="0" started-at="2015-11-23T13:11:02Z" finished-at="2015-11-23T13:11:02Z">
          <reporter-output>
          </reporter-output>
        </test-method> <!-- setUp -->
        <test-method status="SKIP" signature="testRiderCancelRide()[pri:0, instance:com.quickride.scripts.RideViewTest@1da51a35]" name="testRiderCancelRide" duration-ms="1" started-at="2015-11-23T13:11:02Z" finished-at="2015-11-23T13:11:02Z">
          <reporter-output>
          </reporter-output>
        </test-method> <!-- testRiderCancelRide -->
        <test-method status="SKIP" signature="tearDown()[pri:0, instance:com.quickride.scripts.RideViewTest@1da51a35]" name="tearDown" is-config="true" duration-ms="0" started-at="2015-11-23T13:11:02Z" finished-at="2015-11-23T13:11:02Z">
          <reporter-output>
          </reporter-output>
        </test-method> <!-- tearDown -->
        <test-method status="SKIP" signature="setUp()[pri:0, instance:com.quickride.scripts.RideViewTest@1da51a35]" name="setUp" is-config="true" duration-ms="0" started-at="2015-11-23T13:11:02Z" finished-at="2015-11-23T13:11:02Z">
          <reporter-output>
          </reporter-output>
        </test-method> <!-- setUp -->
        <test-method status="SKIP" signature="testGroupChatIcn()[pri:0, instance:com.quickride.scripts.RideViewTest@1da51a35]" name="testGroupChatIcn" duration-ms="0" started-at="2015-11-23T13:11:02Z" finished-at="2015-11-23T13:11:02Z">
          <reporter-output>
          </reporter-output>
        </test-method> <!-- testGroupChatIcn -->
        <test-method status="SKIP" signature="tearDown()[pri:0, instance:com.quickride.scripts.RideViewTest@1da51a35]" name="tearDown" is-config="true" duration-ms="0" started-at="2015-11-23T13:11:02Z" finished-at="2015-11-23T13:11:02Z">
          <reporter-output>
          </reporter-output>
        </test-method> <!-- tearDown -->
        <test-method status="SKIP" signature="setUp()[pri:0, instance:com.quickride.scripts.RideViewTest@1da51a35]" name="setUp" is-config="true" duration-ms="0" started-at="2015-11-23T13:11:02Z" finished-at="2015-11-23T13:11:02Z">
          <reporter-output>
          </reporter-output>
        </test-method> <!-- setUp -->
        <test-method status="SKIP" signature="testLocation()[pri:0, instance:com.quickride.scripts.RideViewTest@1da51a35]" name="testLocation" duration-ms="9" started-at="2015-11-23T13:11:02Z" finished-at="2015-11-23T13:11:02Z">
          <reporter-output>
          </reporter-output>
        </test-method> <!-- testLocation -->
        <test-method status="SKIP" signature="tearDown()[pri:0, instance:com.quickride.scripts.RideViewTest@1da51a35]" name="tearDown" is-config="true" duration-ms="0" started-at="2015-11-23T13:11:03Z" finished-at="2015-11-23T13:11:03Z">
          <reporter-output>
          </reporter-output>
        </test-method> <!-- tearDown -->
        <test-method status="SKIP" signature="setUp()[pri:0, instance:com.quickride.scripts.RideViewTest@1da51a35]" name="setUp" is-config="true" duration-ms="0" started-at="2015-11-23T13:11:03Z" finished-at="2015-11-23T13:11:03Z">
          <reporter-output>
          </reporter-output>
        </test-method> <!-- setUp -->
        <test-method status="SKIP" signature="testpassengercancelRide()[pri:0, instance:com.quickride.scripts.RideViewTest@1da51a35]" name="testpassengercancelRide" duration-ms="2" started-at="2015-11-23T13:11:03Z" finished-at="2015-11-23T13:11:03Z">
          <reporter-output>
          </reporter-output>
        </test-method> <!-- testpassengercancelRide -->
        <test-method status="SKIP" signature="tearDown()[pri:0, instance:com.quickride.scripts.RideViewTest@1da51a35]" name="tearDown" is-config="true" duration-ms="0" started-at="2015-11-23T13:11:03Z" finished-at="2015-11-23T13:11:03Z">
          <reporter-output>
          </reporter-output>
        </test-method> <!-- tearDown -->
      </class> <!-- com.quickride.scripts.RideViewTest -->
      <class name="com.quickride.scripts.SocialGuestTest">
        <test-method status="SKIP" signature="setUp()[pri:0, instance:com.quickride.scripts.SocialGuestTest@61ca2dfa]" name="setUp" is-config="true" duration-ms="0" started-at="2015-11-23T13:11:02Z" finished-at="2015-11-23T13:11:02Z">
          <reporter-output>
          </reporter-output>
        </test-method> <!-- setUp -->
        <test-method status="SKIP" signature="testGuestSignUp()[pri:0, instance:com.quickride.scripts.SocialGuestTest@61ca2dfa]" name="testGuestSignUp" duration-ms="1" started-at="2015-11-23T13:11:02Z" finished-at="2015-11-23T13:11:02Z">
          <reporter-output>
          </reporter-output>
        </test-method> <!-- testGuestSignUp -->
        <test-method status="SKIP" signature="tearDown()[pri:0, instance:com.quickride.scripts.SocialGuestTest@61ca2dfa]" name="tearDown" is-config="true" duration-ms="0" started-at="2015-11-23T13:11:02Z" finished-at="2015-11-23T13:11:02Z">
          <reporter-output>
          </reporter-output>
        </test-method> <!-- tearDown -->
        <test-method status="SKIP" signature="setUp()[pri:0, instance:com.quickride.scripts.SocialGuestTest@61ca2dfa]" name="setUp" is-config="true" duration-ms="0" started-at="2015-11-23T13:11:02Z" finished-at="2015-11-23T13:11:02Z">
          <reporter-output>
          </reporter-output>
        </test-method> <!-- setUp -->
        <test-method status="SKIP" signature="testFBLogin()[pri:0, instance:com.quickride.scripts.SocialGuestTest@61ca2dfa]" name="testFBLogin" duration-ms="0" started-at="2015-11-23T13:11:02Z" finished-at="2015-11-23T13:11:02Z">
          <reporter-output>
          </reporter-output>
        </test-method> <!-- testFBLogin -->
        <test-method status="SKIP" signature="tearDown()[pri:0, instance:com.quickride.scripts.SocialGuestTest@61ca2dfa]" name="tearDown" is-config="true" duration-ms="0" started-at="2015-11-23T13:11:02Z" finished-at="2015-11-23T13:11:02Z">
          <reporter-output>
          </reporter-output>
        </test-method> <!-- tearDown -->
        <test-method status="SKIP" signature="setUp()[pri:0, instance:com.quickride.scripts.SocialGuestTest@61ca2dfa]" name="setUp" is-config="true" duration-ms="0" started-at="2015-11-23T13:11:02Z" finished-at="2015-11-23T13:11:02Z">
          <reporter-output>
          </reporter-output>
        </test-method> <!-- setUp -->
        <test-method status="SKIP" signature="testLoginOthrUser()[pri:0, instance:com.quickride.scripts.SocialGuestTest@61ca2dfa]" name="testLoginOthrUser" duration-ms="0" started-at="2015-11-23T13:11:02Z" finished-at="2015-11-23T13:11:02Z">
          <reporter-output>
          </reporter-output>
        </test-method> <!-- testLoginOthrUser -->
        <test-method status="SKIP" signature="tearDown()[pri:0, instance:com.quickride.scripts.SocialGuestTest@61ca2dfa]" name="tearDown" is-config="true" duration-ms="0" started-at="2015-11-23T13:11:02Z" finished-at="2015-11-23T13:11:02Z">
          <reporter-output>
          </reporter-output>
        </test-method> <!-- tearDown -->
      </class> <!-- com.quickride.scripts.SocialGuestTest -->
      <class name="com.quickride.scripts.FeedbackTest">
        <test-method status="FAIL" signature="setUp()[pri:0, instance:com.quickride.scripts.FeedbackTest@768b970c]" name="setUp" is-config="true" duration-ms="0" started-at="2015-11-23T13:11:01Z" finished-at="2015-11-23T13:11:01Z">
          <exception class="org.openqa.selenium.SessionNotCreatedException">
            <message>
              <![CDATA[A new session could not be created. (Original error: Bad app: D:\Project\QuickRide\QuickRide.apk. App paths need to be absolute, or relative to the appium server install dir, or a URL to compressed file, or a special app name. cause: Error: Error locating the app: ENOENT, stat 'D:\Project\QuickRide\QuickRide.apk') (WARNING: The server did not provide any stacktrace information)
Command duration or timeout: 372 milliseconds
Build info: version: '2.47.1', revision: 'unknown', time: '2015-07-30 11:02:44'
System info: host: 'CBT-076', ip: '10.10.5.26', os.name: 'Windows 8.1', os.arch: 'amd64', os.version: '6.3', java.version: '1.8.0_60'
Driver info: io.appium.java_client.android.AndroidDriver]]>
            </message>
            <full-stacktrace>
              <![CDATA[org.openqa.selenium.SessionNotCreatedException: A new session could not be created. (Original error: Bad app: D:\Project\QuickRide\QuickRide.apk. App paths need to be absolute, or relative to the appium server install dir, or a URL to compressed file, or a special app name. cause: Error: Error locating the app: ENOENT, stat 'D:\Project\QuickRide\QuickRide.apk') (WARNING: The server did not provide any stacktrace information)
Command duration or timeout: 372 milliseconds
Build info: version: '2.47.1', revision: 'unknown', time: '2015-07-30 11:02:44'
System info: host: 'CBT-076', ip: '10.10.5.26', os.name: 'Windows 8.1', os.arch: 'amd64', os.version: '6.3', java.version: '1.8.0_60'
Driver info: io.appium.java_client.android.AndroidDriver
	at sun.reflect.NativeConstructorAccessorImpl.newInstance0(Native Method)
	at sun.reflect.NativeConstructorAccessorImpl.newInstance(NativeConstructorAccessorImpl.java:62)
	at sun.reflect.DelegatingConstructorAccessorImpl.newInstance(DelegatingConstructorAccessorImpl.java:45)
	at java.lang.reflect.Constructor.newInstance(Constructor.java:422)
	at org.openqa.selenium.remote.ErrorHandler.createThrowable(ErrorHandler.java:206)
	at org.openqa.selenium.remote.ErrorHandler.throwIfResponseFailed(ErrorHandler.java:158)
	at org.openqa.selenium.remote.RemoteWebDriver.execute(RemoteWebDriver.java:595)
	at io.appium.java_client.DefaultGenericMobileDriver.execute(DefaultGenericMobileDriver.java:42)
	at io.appium.java_client.AppiumDriver.execute(AppiumDriver.java:1)
	at io.appium.java_client.android.AndroidDriver.execute(AndroidDriver.java:1)
	at org.openqa.selenium.remote.RemoteWebDriver.startSession(RemoteWebDriver.java:242)
	at org.openqa.selenium.remote.RemoteWebDriver.<init>(RemoteWebDriver.java:128)
	at org.openqa.selenium.remote.RemoteWebDriver.<init>(RemoteWebDriver.java:141)
	at io.appium.java_client.DefaultGenericMobileDriver.<init>(DefaultGenericMobileDriver.java:37)
	at io.appium.java_client.AppiumDriver.<init>(AppiumDriver.java:160)
	at io.appium.java_client.AppiumDriver.<init>(AppiumDriver.java:168)
	at io.appium.java_client.android.AndroidDriver.<init>(AndroidDriver.java:69)
	at com.quickride.baselib.QRBaseLib.setUp(QRBaseLib.java:62)
	at sun.reflect.NativeMethodAccessorImpl.invoke0(Native Method)
	at sun.reflect.NativeMethodAccessorImpl.invoke(NativeMethodAccessorImpl.java:62)
	at sun.reflect.DelegatingMethodAccessorImpl.invoke(DelegatingMethodAccessorImpl.java:43)
	at java.lang.reflect.Method.invoke(Method.java:497)
	at org.testng.internal.MethodInvocationHelper.invokeMethod(MethodInvocationHelper.java:85)
	at org.testng.internal.Invoker.invokeConfigurationMethod(Invoker.java:517)
	at org.testng.internal.Invoker.invokeConfigurations(Invoker.java:213)
	at org.testng.internal.Invoker.invokeMethod(Invoker.java:601)
	at org.testng.internal.Invoker.invokeTestMethod(Invoker.java:845)
	at org.testng.internal.Invoker.invokeTestMethods(Invoker.java:1153)
	at org.testng.internal.TestMethodWorker.invokeTestMethods(TestMethodWorker.java:125)
	at org.testng.internal.TestMethodWorker.run(TestMethodWorker.java:108)
	at org.testng.TestRunner.privateRun(TestRunner.java:771)
	at org.testng.TestRunner.run(TestRunner.java:621)
	at org.testng.SuiteRunner.runTest(SuiteRunner.java:357)
	at org.testng.SuiteRunner.runSequentially(SuiteRunner.java:352)
	at org.testng.SuiteRunner.privateRun(SuiteRunner.java:310)
	at org.testng.SuiteRunner.run(SuiteRunner.java:259)
	at org.testng.SuiteRunnerWorker.runSuite(SuiteRunnerWorker.java:52)
	at org.testng.SuiteRunnerWorker.run(SuiteRunnerWorker.java:86)
	at org.testng.TestNG.runSuitesSequentially(TestNG.java:1199)
	at org.testng.TestNG.runSuitesLocally(TestNG.java:1124)
	at org.testng.TestNG.run(TestNG.java:1032)
	at org.testng.remote.RemoteTestNG.run(RemoteTestNG.java:111)
	at org.testng.remote.RemoteTestNG.initAndRun(RemoteTestNG.java:204)
	at org.testng.remote.RemoteTestNG.main(RemoteTestNG.java:175)
]]>
            </full-stacktrace>
          </exception> <!-- org.openqa.selenium.SessionNotCreatedException -->
          <reporter-output>
          </reporter-output>
        </test-method> <!-- setUp -->
        <test-method status="SKIP" signature="testRatingFeedback()[pri:0, instance:com.quickride.scripts.FeedbackTest@768b970c]" name="testRatingFeedback" duration-ms="2" started-at="2015-11-23T13:11:02Z" finished-at="2015-11-23T13:11:02Z">
          <reporter-output>
          </reporter-output>
        </test-method> <!-- testRatingFeedback -->
        <test-method status="SKIP" signature="tearDown()[pri:0, instance:com.quickride.scripts.FeedbackTest@768b970c]" name="tearDown" is-config="true" duration-ms="0" started-at="2015-11-23T13:11:02Z" finished-at="2015-11-23T13:11:02Z">
          <reporter-output>
          </reporter-output>
        </test-method> <!-- tearDown -->
        <test-method status="SKIP" signature="setUp()[pri:0, instance:com.quickride.scripts.FeedbackTest@768b970c]" name="setUp" is-config="true" duration-ms="0" started-at="2015-11-23T13:11:02Z" finished-at="2015-11-23T13:11:02Z">
          <reporter-output>
          </reporter-output>
        </test-method> <!-- setUp -->
        <test-method status="SKIP" signature="testratingFeedback()[pri:0, instance:com.quickride.scripts.FeedbackTest@768b970c]" name="testratingFeedback" duration-ms="1" started-at="2015-11-23T13:11:02Z" finished-at="2015-11-23T13:11:02Z">
          <reporter-output>
          </reporter-output>
        </test-method> <!-- testratingFeedback -->
        <test-method status="SKIP" signature="tearDown()[pri:0, instance:com.quickride.scripts.FeedbackTest@768b970c]" name="tearDown" is-config="true" duration-ms="0" started-at="2015-11-23T13:11:02Z" finished-at="2015-11-23T13:11:02Z">
          <reporter-output>
          </reporter-output>
        </test-method> <!-- tearDown -->
      </class> <!-- com.quickride.scripts.FeedbackTest -->
      <class name="com.quickride.scripts.VehicleCustomisationTest">
        <test-method status="SKIP" signature="setUp()[pri:0, instance:com.quickride.scripts.VehicleCustomisationTest@543788f3]" name="setUp" is-config="true" duration-ms="0" started-at="2015-11-23T13:11:02Z" finished-at="2015-11-23T13:11:02Z">
          <reporter-output>
          </reporter-output>
        </test-method> <!-- setUp -->
        <test-method status="SKIP" signature="testDefaultVehicleAdded()[pri:0, instance:com.quickride.scripts.VehicleCustomisationTest@543788f3]" name="testDefaultVehicleAdded" duration-ms="1" started-at="2015-11-23T13:11:02Z" finished-at="2015-11-23T13:11:02Z">
          <reporter-output>
          </reporter-output>
        </test-method> <!-- testDefaultVehicleAdded -->
        <test-method status="SKIP" signature="tearDown()[pri:0, instance:com.quickride.scripts.VehicleCustomisationTest@543788f3]" name="tearDown" is-config="true" duration-ms="0" started-at="2015-11-23T13:11:02Z" finished-at="2015-11-23T13:11:02Z">
          <reporter-output>
          </reporter-output>
        </test-method> <!-- tearDown -->
        <test-method status="SKIP" signature="setUp()[pri:0, instance:com.quickride.scripts.VehicleCustomisationTest@543788f3]" name="setUp" is-config="true" duration-ms="0" started-at="2015-11-23T13:11:02Z" finished-at="2015-11-23T13:11:02Z">
          <reporter-output>
          </reporter-output>
        </test-method> <!-- setUp -->
        <test-method status="SKIP" signature="testFare()[pri:0, instance:com.quickride.scripts.VehicleCustomisationTest@543788f3]" name="testFare" duration-ms="0" started-at="2015-11-23T13:11:02Z" finished-at="2015-11-23T13:11:02Z">
          <reporter-output>
          </reporter-output>
        </test-method> <!-- testFare -->
        <test-method status="SKIP" signature="tearDown()[pri:0, instance:com.quickride.scripts.VehicleCustomisationTest@543788f3]" name="tearDown" is-config="true" duration-ms="0" started-at="2015-11-23T13:11:02Z" finished-at="2015-11-23T13:11:02Z">
          <reporter-output>
          </reporter-output>
        </test-method> <!-- tearDown -->
        <test-method status="SKIP" signature="setUp()[pri:0, instance:com.quickride.scripts.VehicleCustomisationTest@543788f3]" name="setUp" is-config="true" duration-ms="0" started-at="2015-11-23T13:11:02Z" finished-at="2015-11-23T13:11:02Z">
          <reporter-output>
          </reporter-output>
        </test-method> <!-- setUp -->
        <test-method status="SKIP" signature="testSupportBike()[pri:0, instance:com.quickride.scripts.VehicleCustomisationTest@543788f3]" name="testSupportBike" duration-ms="0" started-at="2015-11-23T13:11:02Z" finished-at="2015-11-23T13:11:02Z">
          <reporter-output>
          </reporter-output>
        </test-method> <!-- testSupportBike -->
        <test-method status="SKIP" signature="tearDown()[pri:0, instance:com.quickride.scripts.VehicleCustomisationTest@543788f3]" name="tearDown" is-config="true" duration-ms="0" started-at="2015-11-23T13:11:02Z" finished-at="2015-11-23T13:11:02Z">
          <reporter-output>
          </reporter-output>
        </test-method> <!-- tearDown -->
      </class> <!-- com.quickride.scripts.VehicleCustomisationTest -->
    </test> <!-- Test -->
  </suite> <!-- Suite -->
</testng-results>
